C:\Program Files (x86)\MSBuild\Microsoft.Cpp\v4.0\Microsoft.CppBuild.targets(299,5): warning MSB8004: Output Directory does not end with a trailing slash.  This build instance will add the slash as it is required to allow proper evaluation of the Output Directory.
  stdafx.cpp
  AllowableIpList.cpp
  ArcaBattle.cpp
  BadSyntax.cpp
  CashShop.cpp
CashShop.cpp(538): warning C4146: unary minus operator applied to unsigned type, result still unsigned
  CastleDBSet.cpp
  CharacterManager.cpp
  CMixGoblinExpansion.cpp
  CommandManager.cpp
  CriticalSection.cpp
  CSProtocol.cpp
  DataServer.cpp
  DataServerProtocol.cpp
  ESProtocol.cpp
  EventInventory.cpp
  GensSystem.cpp
  GuildManager.cpp
  GuildMatching.cpp
  Helper.cpp
  Log.cpp
  LuckyCoin.cpp
  Compiling...
  LuckyItem.cpp
  MasterSkillTree.cpp
  MemScript.cpp
  MiniDump.cpp
  MuRummy.cpp
  MuunSystem.cpp
  NpcTalk.cpp
  PartyMatching.cpp
  PcPoint.cpp
  PentagramSystem.cpp
  PersonalShop.cpp
  Protect.cpp
  QueryManager.cpp
  Quest.cpp
  QuestWorld.cpp
  Queue.cpp
  ReiDoMU.cpp
  ServerDisplayer.cpp
  ServerManager.cpp
  SocketManager.cpp
  Compiling...
  Util.cpp
  CGMHolyItem.cpp
  Warehouse.cpp
  Generating code
  Finished generating code
  DataServer.vcxproj -> D:\NewSource5.2Tkm\Build\DataServer.exe
