D:\NEWSOURCE5.2TKM\BUILD\ENCODER.EXE
D:\NEWSOURCE5.2TKM\BUILD\ENCODER.PDB
D:\NEWSOURCE5.2TKM\SAFE_03_04_2025\SOURCE\ENCODER\ENCODER\PREMIUM\CCRC32.OBJ
D:\NewSource5.2Tkm\safe_03_04_2025\Source\Encoder\Encoder\PREMIUM\cl.command.1.tlog
D:\NewSource5.2Tkm\safe_03_04_2025\Source\Encoder\Encoder\PREMIUM\CL.read.1.tlog
D:\NewSource5.2Tkm\safe_03_04_2025\Source\Encoder\Encoder\PREMIUM\CL.write.1.tlog
D:\NEWSOURCE5.2TKM\SAFE_03_04_2025\SOURCE\ENCODER\ENCODER\PREMIUM\ENCODER.EXE.INTERMEDIATE.MANIFEST
D:\NEWSOURCE5.2TKM\SAFE_03_04_2025\SOURCE\ENCODER\ENCODER\PREMIUM\ENCODER.OBJ
D:\NEWSOURCE5.2TKM\SAFE_03_04_2025\SOURCE\ENCODER\ENCODER\PREMIUM\ENCODER.PCH
D:\NEWSOURCE5.2TKM\SAFE_03_04_2025\SOURCE\ENCODER\ENCODER\PREMIUM\ENCODER.RES
D:\NewSource5.2Tkm\safe_03_04_2025\Source\Encoder\Encoder\PREMIUM\link.command.1.tlog
D:\NewSource5.2Tkm\safe_03_04_2025\Source\Encoder\Encoder\PREMIUM\link.read.1.tlog
D:\NewSource5.2Tkm\safe_03_04_2025\Source\Encoder\Encoder\PREMIUM\link.write.1.tlog
D:\NewSource5.2Tkm\safe_03_04_2025\Source\Encoder\Encoder\PREMIUM\link-cvtres.read.1.tlog
D:\NewSource5.2Tkm\safe_03_04_2025\Source\Encoder\Encoder\PREMIUM\link-cvtres.write.1.tlog
D:\NEWSOURCE5.2TKM\SAFE_03_04_2025\SOURCE\ENCODER\ENCODER\PREMIUM\MEMSCRIPT.OBJ
D:\NewSource5.2Tkm\safe_03_04_2025\Source\Encoder\Encoder\PREMIUM\mt.command.1.tlog
D:\NewSource5.2Tkm\safe_03_04_2025\Source\Encoder\Encoder\PREMIUM\mt.read.1.tlog
D:\NewSource5.2Tkm\safe_03_04_2025\Source\Encoder\Encoder\PREMIUM\mt.write.1.tlog
D:\NewSource5.2Tkm\safe_03_04_2025\Source\Encoder\Encoder\PREMIUM\rc.command.1.tlog
D:\NewSource5.2Tkm\safe_03_04_2025\Source\Encoder\Encoder\PREMIUM\rc.read.1.tlog
D:\NewSource5.2Tkm\safe_03_04_2025\Source\Encoder\Encoder\PREMIUM\rc.write.1.tlog
D:\NEWSOURCE5.2TKM\SAFE_03_04_2025\SOURCE\ENCODER\ENCODER\PREMIUM\STDAFX.OBJ
D:\NEWSOURCE5.2TKM\SAFE_03_04_2025\SOURCE\ENCODER\ENCODER\PREMIUM\SUPPORTINGFEATURE.OBJ
D:\NEWSOURCE5.2TKM\SAFE_03_04_2025\SOURCE\ENCODER\ENCODER\PREMIUM\UTIL.OBJ
D:\NEWSOURCE5.2TKM\SAFE_03_04_2025\SOURCE\ENCODER\ENCODER\PREMIUM\VC100.PDB
