d:\newsource5.2tkm\safe_03_04_2025\source\main5.2\source\release\main.pch
d:\newsource5.2tkm\safe_03_04_2025\source\main5.2\source\release\vc142.pdb
d:\newsource5.2tkm\safe_03_04_2025\source\main5.2\source\release\stdafx.obj
d:\newsource5.2tkm\safe_03_04_2025\source\main5.2\source\release\ccomgem.obj
d:\newsource5.2tkm\safe_03_04_2025\source\main5.2\source\release\mucrypto.obj
d:\newsource5.2tkm\safe_03_04_2025\source\main5.2\source\release\event.obj
d:\newsource5.2tkm\safe_03_04_2025\source\main5.2\source\release\msgboxigsuseitemconfirm.obj
d:\newsource5.2tkm\safe_03_04_2025\source\main5.2\source\release\gmsantatown.obj
d:\newsource5.2tkm\safe_03_04_2025\source\main5.2\source\release\gm_raklion.obj
d:\newsource5.2tkm\safe_03_04_2025\source\main5.2\source\release\movereqinfo.obj
d:\newsource5.2tkm\safe_03_04_2025\source\main5.2\source\release\moviescene.obj
d:\newsource5.2tkm\safe_03_04_2025\source\main5.2\source\release\multilanguage.obj
d:\newsource5.2tkm\safe_03_04_2025\source\main5.2\source\release\newuibuffwindow.obj
d:\newsource5.2tkm\safe_03_04_2025\source\main5.2\source\release\newuicrywolf.obj
d:\newsource5.2tkm\safe_03_04_2025\source\main5.2\source\release\newuiitemmng.obj
d:\newsource5.2tkm\safe_03_04_2025\source\main5.2\source\release\newuimacrogaugebar.obj
d:\newsource5.2tkm\safe_03_04_2025\source\main5.2\source\release\newuiquestprogressbyetc.obj
d:\newsource5.2tkm\safe_03_04_2025\source\main5.2\source\release\physicsmanager.obj
d:\newsource5.2tkm\safe_03_04_2025\source\main5.2\source\release\servergroup.obj
d:\newsource5.2tkm\safe_03_04_2025\source\main5.2\source\release\shadowvolume.obj
d:\newsource5.2tkm\safe_03_04_2025\source\main5.2\source\release\skillinfo.obj
d:\newsource5.2tkm\safe_03_04_2025\source\main5.2\source\release\slider.obj
d:\newsource5.2tkm\safe_03_04_2025\source\main5.2\source\release\summonsystem.obj
d:\newsource5.2tkm\safe_03_04_2025\source\main5.2\source\release\w_petactionunicorn.obj
d:\newsource5.2tkm\safe_03_04_2025\source\main5.2\source\release\cgmfontlayer.obj
d:\newsource5.2tkm\safe_03_04_2025\source\main5.2\source\release\gmurukmountain.obj
d:\newsource5.2tkm\safe_03_04_2025\source\main5.2\source\release\gmcharacterscene.obj
d:\newsource5.2tkm\safe_03_04_2025\source\main5.2\source\release\newuieventtimeview.obj
d:\newsource5.2tkm\safe_03_04_2025\source\main5.2\source\release\checkintegrity.obj
d:\newsource5.2tkm\safe_03_04_2025\source\main5.2\source\release\peimage.obj
d:\newsource5.2tkm\safe_03_04_2025\source\main5.2\source\release\ingameshopsystem.obj
d:\newsource5.2tkm\safe_03_04_2025\source\main5.2\source\release\gmswampofquiet.obj
d:\newsource5.2tkm\safe_03_04_2025\source\main5.2\source\release\mapmanager.obj
d:\newsource5.2tkm\safe_03_04_2025\source\main5.2\source\release\newuiduelwindow.obj
d:\newsource5.2tkm\safe_03_04_2025\source\main5.2\source\release\newuigateswitchwindow.obj
d:\newsource5.2tkm\safe_03_04_2025\source\main5.2\source\release\newuimacrosub.obj
d:\newsource5.2tkm\safe_03_04_2025\source\main5.2\source\release\newuirendernumber.obj
d:\newsource5.2tkm\safe_03_04_2025\source\main5.2\source\release\newuiscrollbar.obj
d:\newsource5.2tkm\safe_03_04_2025\source\main5.2\source\release\newuiseigewarfare.obj
d:\newsource5.2tkm\safe_03_04_2025\source\main5.2\source\release\serverinfo.obj
d:\newsource5.2tkm\safe_03_04_2025\source\main5.2\source\release\serverselwin.obj
d:\newsource5.2tkm\safe_03_04_2025\source\main5.2\source\release\w_bufftimecontrol.obj
d:\newsource5.2tkm\safe_03_04_2025\source\main5.2\source\release\zzzeffectnouse.obj
d:\newsource5.2tkm\safe_03_04_2025\source\main5.2\source\release\zzzopenglutil.obj
d:\newsource5.2tkm\safe_03_04_2025\source\main5.2\source\release\button.obj
d:\newsource5.2tkm\safe_03_04_2025\source\main5.2\source\release\cmvp1stdirection.obj
d:\newsource5.2tkm\safe_03_04_2025\source\main5.2\source\release\pathfinding.obj
d:\newsource5.2tkm\safe_03_04_2025\source\main5.2\source\release\cswaterterrain.obj
d:\newsource5.2tkm\safe_03_04_2025\source\main5.2\source\release\wzresult.obj
d:\newsource5.2tkm\safe_03_04_2025\source\main5.2\source\release\shopcategory.obj
d:\newsource5.2tkm\safe_03_04_2025\source\main5.2\source\release\gaugebar.obj
d:\newsource5.2tkm\safe_03_04_2025\source\main5.2\source\release\gmaida.obj
d:\newsource5.2tkm\safe_03_04_2025\source\main5.2\source\release\monksystem.obj
d:\newsource5.2tkm\safe_03_04_2025\source\main5.2\source\release\newuiduelwatchmainframewindow.obj
d:\newsource5.2tkm\safe_03_04_2025\source\main5.2\source\release\newuigroup.obj
d:\newsource5.2tkm\safe_03_04_2025\source\main5.2\source\release\newuiguildinfowindow.obj
d:\newsource5.2tkm\safe_03_04_2025\source\main5.2\source\release\newuinpcdialogue.obj
d:\newsource5.2tkm\safe_03_04_2025\source\main5.2\source\release\newuisiegewarsoldier.obj
d:\newsource5.2tkm\safe_03_04_2025\source\main5.2\source\release\slideinfo.obj
d:\newsource5.2tkm\safe_03_04_2025\source\main5.2\source\release\socketsystem.obj
d:\newsource5.2tkm\safe_03_04_2025\source\main5.2\source\release\uiwindows.obj
d:\newsource5.2tkm\safe_03_04_2025\source\main5.2\source\release\cbtmessagebox.obj
d:\newsource5.2tkm\safe_03_04_2025\source\main5.2\source\release\cgmmodelmanager.obj
d:\newsource5.2tkm\safe_03_04_2025\source\main5.2\source\release\cgmscriptlua.obj
d:\newsource5.2tkm\safe_03_04_2025\source\main5.2\source\release\newuikanturuevent.obj
d:\newsource5.2tkm\safe_03_04_2025\source\main5.2\source\release\newuinpcshop.obj
d:\newsource5.2tkm\safe_03_04_2025\source\main5.2\source\release\optionwin.obj
d:\newsource5.2tkm\safe_03_04_2025\source\main5.2\source\release\uipopup.obj
d:\newsource5.2tkm\safe_03_04_2025\source\main5.2\source\release\zzzinfomation.obj
d:\newsource5.2tkm\safe_03_04_2025\source\main5.2\source\release\builder.obj
d:\newsource5.2tkm\safe_03_04_2025\source\main5.2\source\release\cgmitemmng.obj
d:\newsource5.2tkm\safe_03_04_2025\source\main5.2\source\release\changeringmanager.obj
d:\newsource5.2tkm\safe_03_04_2025\source\main5.2\source\release\charmakewin.obj
d:\newsource5.2tkm\safe_03_04_2025\source\main5.2\source\release\cuilistbox.obj
d:\newsource5.2tkm\safe_03_04_2025\source\main5.2\source\release\filternameinfo.obj
d:\newsource5.2tkm\safe_03_04_2025\source\main5.2\source\release\filedownloader.obj
d:\newsource5.2tkm\safe_03_04_2025\source\main5.2\source\release\msgboxigsdeleteitemconfirm.obj
d:\newsource5.2tkm\safe_03_04_2025\source\main5.2\source\release\gmhuntingground.obj
d:\newsource5.2tkm\safe_03_04_2025\source\main5.2\source\release\mixmgr.obj
d:\newsource5.2tkm\safe_03_04_2025\source\main5.2\source\release\newuicommandwindow.obj
d:\newsource5.2tkm\safe_03_04_2025\source\main5.2\source\release\newuiguardwindow.obj
d:\newsource5.2tkm\safe_03_04_2025\source\main5.2\source\release\newuinamewindow.obj
d:\newsource5.2tkm\safe_03_04_2025\source\main5.2\source\release\newuiregistrationluckycoin.obj
d:\newsource5.2tkm\safe_03_04_2025\source\main5.2\source\release\servermsgwin.obj
d:\newsource5.2tkm\safe_03_04_2025\source\main5.2\source\release\sysmenuwin.obj
d:\newsource5.2tkm\safe_03_04_2025\source\main5.2\source\release\w_characterinfo.obj
d:\newsource5.2tkm\safe_03_04_2025\source\main5.2\source\release\zzzeffectfireleave.obj
d:\newsource5.2tkm\safe_03_04_2025\source\main5.2\source\release\caicontroller.obj
d:\newsource5.2tkm\safe_03_04_2025\source\main5.2\source\release\csquest.obj
d:\newsource5.2tkm\safe_03_04_2025\source\main5.2\source\release\shoppackage.obj
d:\newsource5.2tkm\safe_03_04_2025\source\main5.2\source\release\gmdoppelganger1.obj
d:\newsource5.2tkm\safe_03_04_2025\source\main5.2\source\release\msgwin.obj
d:\newsource5.2tkm\safe_03_04_2025\source\main5.2\source\release\newuiempireguardiantimer.obj
d:\newsource5.2tkm\safe_03_04_2025\source\main5.2\source\release\newuiinvenexpansion.obj
d:\newsource5.2tkm\safe_03_04_2025\source\main5.2\source\release\newuipurchaseshopinventory.obj
d:\newsource5.2tkm\safe_03_04_2025\source\main5.2\source\release\newuiwindowmenu.obj
d:\newsource5.2tkm\safe_03_04_2025\source\main5.2\source\release\uimanager.obj
d:\newsource5.2tkm\safe_03_04_2025\source\main5.2\source\release\zzzeffectpoint.obj
d:\newsource5.2tkm\safe_03_04_2025\source\main5.2\source\release\zzzmixinvetory.obj
d:\newsource5.2tkm\safe_03_04_2025\source\main5.2\source\release\cgmcharacter.obj
d:\newsource5.2tkm\safe_03_04_2025\source\main5.2\source\release\charinfoballoon.obj
d:\newsource5.2tkm\safe_03_04_2025\source\main5.2\source\release\gmloginscene.obj
d:\newsource5.2tkm\safe_03_04_2025\source\main5.2\source\release\newuipurcharsevip.obj
d:\newsource5.2tkm\safe_03_04_2025\source\main5.2\source\release\gamblesystem.obj
d:\newsource5.2tkm\safe_03_04_2025\source\main5.2\source\release\msgboxigsbuypackageitem.obj
d:\newsource5.2tkm\safe_03_04_2025\source\main5.2\source\release\gmdoppelganger4.obj
d:\newsource5.2tkm\safe_03_04_2025\source\main5.2\source\release\gmempireguardian4.obj
d:\newsource5.2tkm\safe_03_04_2025\source\main5.2\source\release\input.obj
d:\newsource5.2tkm\safe_03_04_2025\source\main5.2\source\release\newuibattlesoccerscore.obj
d:\newsource5.2tkm\safe_03_04_2025\source\main5.2\source\release\newuicommon.obj
d:\newsource5.2tkm\safe_03_04_2025\source\main5.2\source\release\newuigensranking.obj
d:\newsource5.2tkm\safe_03_04_2025\source\main5.2\source\release\newuimessagebox.obj
d:\newsource5.2tkm\safe_03_04_2025\source\main5.2\source\release\newuipartylistwindow.obj
d:\newsource5.2tkm\safe_03_04_2025\source\main5.2\source\release\newuitrade.obj
d:\newsource5.2tkm\safe_03_04_2025\source\main5.2\source\release\memorylock.obj
d:\newsource5.2tkm\safe_03_04_2025\source\main5.2\source\release\w_buffscriptloader.obj
d:\newsource5.2tkm\safe_03_04_2025\source\main5.2\source\release\zzzeffectparticle.obj
d:\newsource5.2tkm\safe_03_04_2025\source\main5.2\source\release\newuilistgroupbutton.obj
d:\newsource5.2tkm\safe_03_04_2025\source\main5.2\source\release\ckanturudirection.obj
d:\newsource5.2tkm\safe_03_04_2025\source\main5.2\source\release\newuimenuuser.obj
d:\newsource5.2tkm\safe_03_04_2025\source\main5.2\source\release\msgboxigsstorageiteminfo.obj
d:\newsource5.2tkm\safe_03_04_2025\source\main5.2\source\release\gmkarutan1.obj
d:\newsource5.2tkm\safe_03_04_2025\source\main5.2\source\release\newuicharacterinfowindow.obj
d:\newsource5.2tkm\safe_03_04_2025\source\main5.2\source\release\newuigoldbowmanwindow.obj
d:\newsource5.2tkm\safe_03_04_2025\source\main5.2\source\release\newuimasterskilltree.obj
d:\newsource5.2tkm\safe_03_04_2025\source\main5.2\source\release\newuisiegewarcommander.obj
d:\newsource5.2tkm\safe_03_04_2025\source\main5.2\source\release\skilleffectmgr.obj
d:\newsource5.2tkm\safe_03_04_2025\source\main5.2\source\release\smd2bmd.obj
d:\newsource5.2tkm\safe_03_04_2025\source\main5.2\source\release\timer.obj
d:\newsource5.2tkm\safe_03_04_2025\source\main5.2\source\release\uigatekeeper.obj
d:\newsource5.2tkm\safe_03_04_2025\source\main5.2\source\release\w_petprocess.obj
d:\newsource5.2tkm\safe_03_04_2025\source\main5.2\source\release\zzzpath.obj
d:\newsource5.2tkm\safe_03_04_2025\source\main5.2\source\release\_globalfunctions.obj
d:\newsource5.2tkm\safe_03_04_2025\source\main5.2\source\release\pugixml.obj
d:\newsource5.2tkm\safe_03_04_2025\source\main5.2\source\release\dsplaysound.obj
d:\newsource5.2tkm\safe_03_04_2025\source\main5.2\source\release\xstreambuf.obj
d:\newsource5.2tkm\safe_03_04_2025\source\main5.2\source\release\httpconnecter.obj
d:\newsource5.2tkm\safe_03_04_2025\source\main5.2\source\release\msgboxigscommon.obj
d:\newsource5.2tkm\safe_03_04_2025\source\main5.2\source\release\shoplist.obj
d:\newsource5.2tkm\safe_03_04_2025\source\main5.2\source\release\gmempireguardian1.obj
d:\newsource5.2tkm\safe_03_04_2025\source\main5.2\source\release\itemmanager.obj
d:\newsource5.2tkm\safe_03_04_2025\source\main5.2\source\release\loginmainwin.obj
d:\newsource5.2tkm\safe_03_04_2025\source\main5.2\source\release\newuidoppelgangerframe.obj
d:\newsource5.2tkm\safe_03_04_2025\source\main5.2\source\release\newuiinventoryctrl.obj
d:\newsource5.2tkm\safe_03_04_2025\source\main5.2\source\release\newuipetinfowindow.obj
d:\newsource5.2tkm\safe_03_04_2025\source\main5.2\source\release\observer.obj
d:\newsource5.2tkm\safe_03_04_2025\source\main5.2\source\release\partymanager.obj
d:\newsource5.2tkm\safe_03_04_2025\source\main5.2\source\release\plist.obj
d:\newsource5.2tkm\safe_03_04_2025\source\main5.2\source\release\protocolsend.obj
d:\newsource5.2tkm\safe_03_04_2025\source\main5.2\source\release\questinfo.obj
d:\newsource5.2tkm\safe_03_04_2025\source\main5.2\source\release\steady_clock.obj
d:\newsource5.2tkm\safe_03_04_2025\source\main5.2\source\release\win.obj
d:\newsource5.2tkm\safe_03_04_2025\source\main5.2\source\release\winmain.obj
d:\newsource5.2tkm\safe_03_04_2025\source\main5.2\source\release\cdirection.obj
d:\newsource5.2tkm\safe_03_04_2025\source\main5.2\source\release\csparts.obj
d:\newsource5.2tkm\safe_03_04_2025\source\main5.2\source\release\filterinfo.obj
d:\newsource5.2tkm\safe_03_04_2025\source\main5.2\source\release\ftpconnecter.obj
d:\newsource5.2tkm\safe_03_04_2025\source\main5.2\source\release\msgboxigsbuyselectitem.obj
d:\newsource5.2tkm\safe_03_04_2025\source\main5.2\source\release\gmduelarena.obj
d:\newsource5.2tkm\safe_03_04_2025\source\main5.2\source\release\gmempireguardian3.obj
d:\newsource5.2tkm\safe_03_04_2025\source\main5.2\source\release\guildcache.obj
d:\newsource5.2tkm\safe_03_04_2025\source\main5.2\source\release\newui3drendermng.obj
d:\newsource5.2tkm\safe_03_04_2025\source\main5.2\source\release\newuicatapultwindow.obj
d:\newsource5.2tkm\safe_03_04_2025\source\main5.2\source\release\newuiduelwatchuserlistwindow.obj
d:\newsource5.2tkm\safe_03_04_2025\source\main5.2\source\release\newuihelpwindow.obj
d:\newsource5.2tkm\safe_03_04_2025\source\main5.2\source\release\newuimyinventory.obj
d:\newsource5.2tkm\safe_03_04_2025\source\main5.2\source\release\cgmeffecthandle.obj
d:\newsource5.2tkm\safe_03_04_2025\source\main5.2\source\release\creditwin.obj
d:\newsource5.2tkm\safe_03_04_2025\source\main5.2\source\release\bannerlistmanager.obj
d:\newsource5.2tkm\safe_03_04_2025\source\main5.2\source\release\shoplistmanager.obj
d:\newsource5.2tkm\safe_03_04_2025\source\main5.2\source\release\globalbitmap.obj
d:\newsource5.2tkm\safe_03_04_2025\source\main5.2\source\release\newuiduelwatchwindow.obj
d:\newsource5.2tkm\safe_03_04_2025\source\main5.2\source\release\newuihotkey.obj
d:\newsource5.2tkm\safe_03_04_2025\source\main5.2\source\release\newuisetitemexplanation.obj
d:\newsource5.2tkm\safe_03_04_2025\source\main5.2\source\release\scriptitem.obj
d:\newsource5.2tkm\safe_03_04_2025\source\main5.2\source\release\sidehair.obj
d:\newsource5.2tkm\safe_03_04_2025\source\main5.2\source\release\smd.obj
d:\newsource5.2tkm\safe_03_04_2025\source\main5.2\source\release\testeventmap.obj
d:\newsource5.2tkm\safe_03_04_2025\source\main5.2\source\release\uicontrolrender.obj
d:\newsource5.2tkm\safe_03_04_2025\source\main5.2\source\release\uisenatus.obj
d:\newsource5.2tkm\safe_03_04_2025\source\main5.2\source\release\zzzeffectblurspark.obj
d:\newsource5.2tkm\safe_03_04_2025\source\main5.2\source\release\resolutions.obj
d:\newsource5.2tkm\safe_03_04_2025\source\main5.2\source\release\charactermanager.obj
d:\newsource5.2tkm\safe_03_04_2025\source\main5.2\source\release\gmzonenars.obj
d:\newsource5.2tkm\safe_03_04_2025\source\main5.2\source\release\cgmjewelofaction.obj
d:\newsource5.2tkm\safe_03_04_2025\source\main5.2\source\release\dialoginfo.obj
d:\newsource5.2tkm\safe_03_04_2025\source\main5.2\source\release\duelmgr.obj
d:\newsource5.2tkm\safe_03_04_2025\source\main5.2\source\release\shopcategorylist.obj
d:\newsource5.2tkm\safe_03_04_2025\source\main5.2\source\release\gm3rdchangeup.obj
d:\newsource5.2tkm\safe_03_04_2025\source\main5.2\source\release\itemaddoptioninfo.obj
d:\newsource5.2tkm\safe_03_04_2025\source\main5.2\source\release\newuicursedtempleenter.obj
d:\newsource5.2tkm\safe_03_04_2025\source\main5.2\source\release\newuigoldbowmanlena.obj
d:\newsource5.2tkm\safe_03_04_2025\source\main5.2\source\release\newuimyquestinfowindow.obj
d:\newsource5.2tkm\safe_03_04_2025\source\main5.2\source\release\newuitextbox.obj
d:\newsource5.2tkm\safe_03_04_2025\source\main5.2\source\release\uicontrols.obj
d:\newsource5.2tkm\safe_03_04_2025\source\main5.2\source\release\cgmframe.obj
d:\newsource5.2tkm\safe_03_04_2025\source\main5.2\source\release\cgmitemdropname.obj
d:\newsource5.2tkm\safe_03_04_2025\source\main5.2\source\release\newuirankingtop.obj
d:\newsource5.2tkm\safe_03_04_2025\source\main5.2\source\release\ftpfiledownloader.obj
d:\newsource5.2tkm\safe_03_04_2025\source\main5.2\source\release\shopproduct.obj
d:\newsource5.2tkm\safe_03_04_2025\source\main5.2\source\release\gmbattlecastle.obj
d:\newsource5.2tkm\safe_03_04_2025\source\main5.2\source\release\newuichaoscastletime.obj
d:\newsource5.2tkm\safe_03_04_2025\source\main5.2\source\release\newuifriendwindow.obj
d:\newsource5.2tkm\safe_03_04_2025\source\main5.2\source\release\newuiminimap.obj
d:\newsource5.2tkm\safe_03_04_2025\source\main5.2\source\release\newuisiegewarbase.obj
d:\newsource5.2tkm\safe_03_04_2025\source\main5.2\source\release\sprite.obj
d:\newsource5.2tkm\safe_03_04_2025\source\main5.2\source\release\ctimcheck.obj
d:\newsource5.2tkm\safe_03_04_2025\source\main5.2\source\release\uiguildinfo.obj
d:\newsource5.2tkm\safe_03_04_2025\source\main5.2\source\release\w_petactionmuun.obj
d:\newsource5.2tkm\safe_03_04_2025\source\main5.2\source\release\bonemanager.obj
d:\newsource5.2tkm\safe_03_04_2025\source\main5.2\source\release\cgmphysicsmanager.obj
d:\newsource5.2tkm\safe_03_04_2025\source\main5.2\source\release\gmdeventer.obj
d:\newsource5.2tkm\safe_03_04_2025\source\main5.2\source\release\newuiinventorycore.obj
d:\newsource5.2tkm\safe_03_04_2025\source\main5.2\source\release\explanationinfo.obj
d:\newsource5.2tkm\safe_03_04_2025\source\main5.2\source\release\exceptionhandler.obj
d:\newsource5.2tkm\safe_03_04_2025\source\main5.2\source\release\sysinfo.obj
d:\newsource5.2tkm\safe_03_04_2025\source\main5.2\source\release\msgboxigssendgiftconfirm.obj
d:\newsource5.2tkm\safe_03_04_2025\source\main5.2\source\release\gm_pk_field.obj
d:\newsource5.2tkm\safe_03_04_2025\source\main5.2\source\release\loadingscene.obj
d:\newsource5.2tkm\safe_03_04_2025\source\main5.2\source\release\loginwin.obj
d:\newsource5.2tkm\safe_03_04_2025\source\main5.2\source\release\newuidoppelgangerwindow.obj
d:\newsource5.2tkm\safe_03_04_2025\source\main5.2\source\release\newuiheropositioninfo.obj
d:\newsource5.2tkm\safe_03_04_2025\source\main5.2\source\release\newuioptionwindow.obj
d:\newsource5.2tkm\safe_03_04_2025\source\main5.2\source\release\newuisystem.obj
d:\newsource5.2tkm\safe_03_04_2025\source\main5.2\source\release\util.obj
d:\newsource5.2tkm\safe_03_04_2025\source\main5.2\source\release\w_mapprocess.obj
d:\newsource5.2tkm\safe_03_04_2025\source\main5.2\source\release\zzzopendata.obj
d:\newsource5.2tkm\safe_03_04_2025\source\main5.2\source\release\gmferea.obj
d:\newsource5.2tkm\safe_03_04_2025\source\main5.2\source\release\gmnixieslake.obj
d:\newsource5.2tkm\safe_03_04_2025\source\main5.2\source\release\gmacheron.obj
d:\newsource5.2tkm\safe_03_04_2025\source\main5.2\source\release\connectversionhex.obj
d:\newsource5.2tkm\safe_03_04_2025\source\main5.2\source\release\newuiinventoryjewel.obj
d:\newsource5.2tkm\safe_03_04_2025\source\main5.2\source\release\bannerinfo.obj
d:\newsource5.2tkm\safe_03_04_2025\source\main5.2\source\release\listmanager.obj
d:\newsource5.2tkm\safe_03_04_2025\source\main5.2\source\release\gipetmanager.obj
d:\newsource5.2tkm\safe_03_04_2025\source\main5.2\source\release\newuibutton.obj
d:\newsource5.2tkm\safe_03_04_2025\source\main5.2\source\release\newuicommonmessagebox.obj
d:\newsource5.2tkm\safe_03_04_2025\source\main5.2\source\release\newuinpcquest.obj
d:\newsource5.2tkm\safe_03_04_2025\source\main5.2\source\release\newuistorageinventory.obj
d:\newsource5.2tkm\safe_03_04_2025\source\main5.2\source\release\debugangel.obj
d:\newsource5.2tkm\safe_03_04_2025\source\main5.2\source\release\windowsconsole.obj
d:\newsource5.2tkm\safe_03_04_2025\source\main5.2\source\release\wsctlc.obj
d:\newsource5.2tkm\safe_03_04_2025\source\main5.2\source\release\zzztexture.obj
d:\newsource5.2tkm\safe_03_04_2025\source\main5.2\source\release\blackwin.obj
d:\newsource5.2tkm\safe_03_04_2025\source\main5.2\source\release\newuiotherinventory.obj
d:\newsource5.2tkm\safe_03_04_2025\source\main5.2\source\release\jpexs.obj
d:\newsource5.2tkm\safe_03_04_2025\source\main5.2\source\release\newuicommandfilter.obj
d:\newsource5.2tkm\safe_03_04_2025\source\main5.2\source\release\msgboxigsgiftstorageiteminfo.obj
d:\newsource5.2tkm\safe_03_04_2025\source\main5.2\source\release\gmhellas.obj
d:\newsource5.2tkm\safe_03_04_2025\source\main5.2\source\release\newuichatlogwindow.obj
d:\newsource5.2tkm\safe_03_04_2025\source\main5.2\source\release\newuiitemenduranceinfo.obj
d:\newsource5.2tkm\safe_03_04_2025\source\main5.2\source\release\newuiquestprogress.obj
d:\newsource5.2tkm\safe_03_04_2025\source\main5.2\source\release\npccatapult.obj
d:\newsource5.2tkm\safe_03_04_2025\source\main5.2\source\release\npcgateswitch.obj
d:\newsource5.2tkm\safe_03_04_2025\source\main5.2\source\release\uijewelharmony.obj
d:\newsource5.2tkm\safe_03_04_2025\source\main5.2\source\release\zzzai.obj
d:\newsource5.2tkm\safe_03_04_2025\source\main5.2\source\release\zzzeffectmagicskill.obj
d:\newsource5.2tkm\safe_03_04_2025\source\main5.2\source\release\zzzlodterrain.obj
d:\newsource5.2tkm\safe_03_04_2025\source\main5.2\source\release\cgmheadchat.obj
d:\newsource5.2tkm\safe_03_04_2025\source\main5.2\source\release\supportingfeature.obj
d:\newsource5.2tkm\safe_03_04_2025\source\main5.2\source\release\creditinfo.obj
d:\newsource5.2tkm\safe_03_04_2025\source\main5.2\source\release\cschaoscastle.obj
d:\newsource5.2tkm\safe_03_04_2025\source\main5.2\source\release\msgboxigsusebuffconfirm.obj
d:\newsource5.2tkm\safe_03_04_2025\source\main5.2\source\release\gm_kanturu_2nd.obj
d:\newsource5.2tkm\safe_03_04_2025\source\main5.2\source\release\newuicustommessagebox.obj
d:\newsource5.2tkm\safe_03_04_2025\source\main5.2\source\release\newuimyshopinventory.obj
d:\newsource5.2tkm\safe_03_04_2025\source\main5.2\source\release\serverlistmanager.obj
d:\newsource5.2tkm\safe_03_04_2025\source\main5.2\source\release\texturescript.obj
d:\newsource5.2tkm\safe_03_04_2025\source\main5.2\source\release\uidefaultbase.obj
d:\newsource5.2tkm\safe_03_04_2025\source\main5.2\source\release\uiguildmaster.obj
d:\newsource5.2tkm\safe_03_04_2025\source\main5.2\source\release\zzzeffectpointer.obj
d:\newsource5.2tkm\safe_03_04_2025\source\main5.2\source\release\zzzobject.obj
d:\newsource5.2tkm\safe_03_04_2025\source\main5.2\source\release\winhandle.obj
d:\newsource5.2tkm\safe_03_04_2025\source\main5.2\source\release\csitemoption.obj
d:\newsource5.2tkm\safe_03_04_2025\source\main5.2\source\release\shoppackagelist.obj
d:\newsource5.2tkm\safe_03_04_2025\source\main5.2\source\release\gmdoppelganger2.obj
d:\newsource5.2tkm\safe_03_04_2025\source\main5.2\source\release\gmnewtown.obj
d:\newsource5.2tkm\safe_03_04_2025\source\main5.2\source\release\iteminfo.obj
d:\newsource5.2tkm\safe_03_04_2025\source\main5.2\source\release\keygenerater.obj
d:\newsource5.2tkm\safe_03_04_2025\source\main5.2\source\release\local.obj
d:\newsource5.2tkm\safe_03_04_2025\source\main5.2\source\release\matchevent.obj
d:\newsource5.2tkm\safe_03_04_2025\source\main5.2\source\release\newuicastlewindow.obj
d:\newsource5.2tkm\safe_03_04_2025\source\main5.2\source\release\newuigatemanwindow.obj
d:\newsource5.2tkm\safe_03_04_2025\source\main5.2\source\release\newuiluckyitemwnd.obj
d:\newsource5.2tkm\safe_03_04_2025\source\main5.2\source\release\newuistorageexpansion.obj
d:\newsource5.2tkm\safe_03_04_2025\source\main5.2\source\release\uiguardsman.obj
d:\newsource5.2tkm\safe_03_04_2025\source\main5.2\source\release\w_buffstatevaluecontrol.obj
d:\newsource5.2tkm\safe_03_04_2025\source\main5.2\source\release\zzzeffectsprite.obj
d:\newsource5.2tkm\safe_03_04_2025\source\main5.2\source\release\cshadergl.obj
d:\newsource5.2tkm\safe_03_04_2025\source\main5.2\source\release\cgminvasionmanager.obj
d:\newsource5.2tkm\safe_03_04_2025\source\main5.2\source\release\cspetsystem.obj
d:\newsource5.2tkm\safe_03_04_2025\source\main5.2\source\release\stringmethod.obj
d:\newsource5.2tkm\safe_03_04_2025\source\main5.2\source\release\gmcryingwolf2nd.obj
d:\newsource5.2tkm\safe_03_04_2025\source\main5.2\source\release\gm_kanturu_3rd.obj
d:\newsource5.2tkm\safe_03_04_2025\source\main5.2\source\release\newuibloodcastleenter.obj
d:\newsource5.2tkm\safe_03_04_2025\source\main5.2\source\release\newuidevilsquareenter.obj
d:\newsource5.2tkm\safe_03_04_2025\source\main5.2\source\release\newuimanager.obj
d:\newsource5.2tkm\safe_03_04_2025\source\main5.2\source\release\newuimovecommandwindow.obj
d:\newsource5.2tkm\safe_03_04_2025\source\main5.2\source\release\newuisiegewarobserver.obj
d:\newsource5.2tkm\safe_03_04_2025\source\main5.2\source\release\skillmanager.obj
d:\newsource5.2tkm\safe_03_04_2025\source\main5.2\source\release\w_objectinfo.obj
d:\newsource5.2tkm\safe_03_04_2025\source\main5.2\source\release\w_petactioncollecter.obj
d:\newsource5.2tkm\safe_03_04_2025\source\main5.2\source\release\cameramanager.obj
d:\newsource5.2tkm\safe_03_04_2025\source\main5.2\source\release\cgmitemwings.obj
d:\newsource5.2tkm\safe_03_04_2025\source\main5.2\source\release\cgmmonstermng.obj
d:\newsource5.2tkm\safe_03_04_2025\source\main5.2\source\release\charinfoballoonmng.obj
d:\newsource5.2tkm\safe_03_04_2025\source\main5.2\source\release\charselmainwin.obj
d:\newsource5.2tkm\safe_03_04_2025\source\main5.2\source\release\newuireconnect.obj
d:\newsource5.2tkm\safe_03_04_2025\source\main5.2\source\release\newuiingameshop.obj
d:\newsource5.2tkm\safe_03_04_2025\source\main5.2\source\release\zzzmathlib.obj
d:\newsource5.2tkm\safe_03_04_2025\source\main5.2\source\release\movecommanddata.obj
d:\newsource5.2tkm\safe_03_04_2025\source\main5.2\source\release\newbloodcastlesystem.obj
d:\newsource5.2tkm\safe_03_04_2025\source\main5.2\source\release\newuiempireguardiannpc.obj
d:\newsource5.2tkm\safe_03_04_2025\source\main5.2\source\release\newuimacromain.obj
d:\newsource5.2tkm\safe_03_04_2025\source\main5.2\source\release\npcbreeder.obj
d:\newsource5.2tkm\safe_03_04_2025\source\main5.2\source\release\uimng.obj
d:\newsource5.2tkm\safe_03_04_2025\source\main5.2\source\release\muconsoledebug.obj
d:\newsource5.2tkm\safe_03_04_2025\source\main5.2\source\release\winex.obj
d:\newsource5.2tkm\safe_03_04_2025\source\main5.2\source\release\w_basepet.obj
d:\newsource5.2tkm\safe_03_04_2025\source\main5.2\source\release\w_petactioncollecter_add.obj
d:\newsource5.2tkm\safe_03_04_2025\source\main5.2\source\release\ccrc32.obj
d:\newsource5.2tkm\safe_03_04_2025\source\main5.2\source\release\cgmitemeffect.obj
d:\newsource5.2tkm\safe_03_04_2025\source\main5.2\source\release\cgmresetmanager.obj
d:\newsource5.2tkm\safe_03_04_2025\source\main5.2\source\release\csmapserver.obj
d:\newsource5.2tkm\safe_03_04_2025\source\main5.2\source\release\path.obj
d:\newsource5.2tkm\safe_03_04_2025\source\main5.2\source\release\shopproductlist.obj
d:\newsource5.2tkm\safe_03_04_2025\source\main5.2\source\release\gmcrywolf1st.obj
d:\newsource5.2tkm\safe_03_04_2025\source\main5.2\source\release\newuichatinputbox.obj
d:\newsource5.2tkm\safe_03_04_2025\source\main5.2\source\release\newuiitemexplanationwindow.obj
d:\newsource5.2tkm\safe_03_04_2025\source\main5.2\source\release\newuipartyinfowindow.obj
d:\newsource5.2tkm\safe_03_04_2025\source\main5.2\source\release\newuiunitedmarketplacewindow.obj
d:\newsource5.2tkm\safe_03_04_2025\source\main5.2\source\release\uimapname.obj
d:\newsource5.2tkm\safe_03_04_2025\source\main5.2\source\release\zzzeffectjoint.obj
d:\newsource5.2tkm\safe_03_04_2025\source\main5.2\source\release\cgmcameraworld.obj
d:\newsource5.2tkm\safe_03_04_2025\source\main5.2\source\release\scaleform.obj
d:\newsource5.2tkm\safe_03_04_2025\source\main5.2\source\release\cseventmatch.obj
d:\newsource5.2tkm\safe_03_04_2025\source\main5.2\source\release\bannerinfolist.obj
d:\newsource5.2tkm\safe_03_04_2025\source\main5.2\source\release\stringtoken.obj
d:\newsource5.2tkm\safe_03_04_2025\source\main5.2\source\release\gmdoppelganger3.obj
d:\newsource5.2tkm\safe_03_04_2025\source\main5.2\source\release\gmempireguardian2.obj
d:\newsource5.2tkm\safe_03_04_2025\source\main5.2\source\release\guildmanager.obj
d:\newsource5.2tkm\safe_03_04_2025\source\main5.2\source\release\newchaoscastlesystem.obj
d:\newsource5.2tkm\safe_03_04_2025\source\main5.2\source\release\newuiexchangeluckycoin.obj
d:\newsource5.2tkm\safe_03_04_2025\source\main5.2\source\release\newuimainframewindow.obj
d:\newsource5.2tkm\safe_03_04_2025\source\main5.2\source\release\newuislidewindow.obj
d:\newsource5.2tkm\safe_03_04_2025\source\main5.2\source\release\personalshoptitleimp.obj
d:\newsource5.2tkm\safe_03_04_2025\source\main5.2\source\release\usefuldef.obj
d:\newsource5.2tkm\safe_03_04_2025\source\main5.2\source\release\w_buffstatesystem.obj
d:\newsource5.2tkm\safe_03_04_2025\source\main5.2\source\release\w_cursedtemple.obj
d:\newsource5.2tkm\safe_03_04_2025\source\main5.2\source\release\cameramove.obj
d:\newsource5.2tkm\safe_03_04_2025\source\main5.2\source\release\cgmrendergroupmesh.obj
d:\newsource5.2tkm\safe_03_04_2025\source\main5.2\source\release\stdleaf.obj
d:\newsource5.2tkm\safe_03_04_2025\source\main5.2\source\release\downloadinfo.obj
d:\newsource5.2tkm\safe_03_04_2025\source\main5.2\source\release\msgboxigssendgift.obj
d:\newsource5.2tkm\safe_03_04_2025\source\main5.2\source\release\gmunitedmarketplace.obj
d:\newsource5.2tkm\safe_03_04_2025\source\main5.2\source\release\goboid.obj
d:\newsource5.2tkm\safe_03_04_2025\source\main5.2\source\release\newuicursedtemplesystem.obj
d:\newsource5.2tkm\safe_03_04_2025\source\main5.2\source\release\newuiitemtooltip.obj
d:\newsource5.2tkm\safe_03_04_2025\source\main5.2\source\release\newuiquickcommandwindow.obj
d:\newsource5.2tkm\safe_03_04_2025\source\main5.2\source\release\protectsyskey.obj
d:\newsource5.2tkm\safe_03_04_2025\source\main5.2\source\release\cgmprotect.obj
d:\newsource5.2tkm\safe_03_04_2025\source\main5.2\source\release\errorreport.obj
d:\newsource5.2tkm\safe_03_04_2025\source\main5.2\source\release\w_petactionstand.obj
d:\newsource5.2tkm\safe_03_04_2025\source\main5.2\source\release\zzzbmd.obj
d:\newsource5.2tkm\safe_03_04_2025\source\main5.2\source\release\newuimixexpansion.obj
d:\newsource5.2tkm\safe_03_04_2025\source\main5.2\source\release\dswaveio.obj
d:\newsource5.2tkm\safe_03_04_2025\source\main5.2\source\release\callstackdmp.obj
d:\newsource5.2tkm\safe_03_04_2025\source\main5.2\source\release\html_log.obj
d:\newsource5.2tkm\safe_03_04_2025\source\main5.2\source\release\xortrans.obj
d:\newsource5.2tkm\safe_03_04_2025\source\main5.2\source\release\gamecensorship.obj
d:\newsource5.2tkm\safe_03_04_2025\source\main5.2\source\release\msgboxigsbuyconfirm.obj
d:\newsource5.2tkm\safe_03_04_2025\source\main5.2\source\release\gm_kanturu_1st.obj
d:\newsource5.2tkm\safe_03_04_2025\source\main5.2\source\release\newuibloodcastletime.obj
d:\newsource5.2tkm\safe_03_04_2025\source\main5.2\source\release\newuicursedtempleresult.obj
d:\newsource5.2tkm\safe_03_04_2025\source\main5.2\source\release\newuiguildmakewindow.obj
d:\newsource5.2tkm\safe_03_04_2025\source\main5.2\source\release\newuimixinventory.obj
d:\newsource5.2tkm\safe_03_04_2025\source\main5.2\source\release\portalmgr.obj
d:\newsource5.2tkm\safe_03_04_2025\source\main5.2\source\release\questmng.obj
d:\newsource5.2tkm\safe_03_04_2025\source\main5.2\source\release\w_buff.obj
d:\newsource5.2tkm\safe_03_04_2025\source\main5.2\source\release\w_petactiondemon.obj
d:\newsource5.2tkm\safe_03_04_2025\source\main5.2\source\release\w_petactionround.obj
d:\newsource5.2tkm\safe_03_04_2025\source\main5.2\source\release\zzzcharacter.obj
d:\newsource5.2tkm\safe_03_04_2025\source\main5.2\source\release\imgui.obj
d:\newsource5.2tkm\safe_03_04_2025\source\main5.2\source\release\imgui_draw.obj
d:\newsource5.2tkm\safe_03_04_2025\source\main5.2\source\release\imgui_impl_win32.obj
d:\newsource5.2tkm\safe_03_04_2025\source\main5.2\source\release\imgui_demo.obj
d:\newsource5.2tkm\safe_03_04_2025\source\main5.2\source\release\imgui_tables.obj
d:\newsource5.2tkm\safe_03_04_2025\source\main5.2\source\release\imgui_impl_opengl2.obj
d:\newsource5.2tkm\safe_03_04_2025\source\main5.2\source\release\imgui_widgets.obj
d:\newsource5.2tkm\safe_03_04_2025\source\main5.2\source\release\wsclient.obj
d:\newsource5.2tkm\safe_03_04_2025\source\main5.2\source\release\zzzeffect.obj
d:\newsource5.2tkm\safe_03_04_2025\source\main5.2\source\release\zzzinventory.obj
d:\newsource5.2tkm\safe_03_04_2025\source\main5.2\source\release\zzzscene.obj
d:\newsource5.2tkm\safe_03_04_2025\source\main5.2\source\release\zzzinterface.obj
d:\newsource5.2tkm\build\main.exe
d:\newsource5.2tkm\build\main
d:\newsource5.2tkm\build\main.pdb
d:\newsource5.2tkm\build\main.lib
d:\newsource5.2tkm\build\main.exp
d:\newsource5.2tkm\safe_03_04_2025\source\main5.2\source\release\resource.res
d:\newsource5.2tkm\safe_03_04_2025\source\main5.2\source\release\main.tlog\cl.command.1.tlog
d:\newsource5.2tkm\safe_03_04_2025\source\main5.2\source\release\main.tlog\cl.read.1.tlog
d:\newsource5.2tkm\safe_03_04_2025\source\main5.2\source\release\main.tlog\cl.write.1.tlog
d:\newsource5.2tkm\safe_03_04_2025\source\main5.2\source\release\main.tlog\link.command.1.tlog
d:\newsource5.2tkm\safe_03_04_2025\source\main5.2\source\release\main.tlog\link.read.1.tlog
d:\newsource5.2tkm\safe_03_04_2025\source\main5.2\source\release\main.tlog\link.write.1.tlog
d:\newsource5.2tkm\safe_03_04_2025\source\main5.2\source\release\main.tlog\main.write.1u.tlog
d:\newsource5.2tkm\safe_03_04_2025\source\main5.2\source\release\main.tlog\rc.command.1.tlog
d:\newsource5.2tkm\safe_03_04_2025\source\main5.2\source\release\main.tlog\rc.read.1.tlog
d:\newsource5.2tkm\safe_03_04_2025\source\main5.2\source\release\main.tlog\rc.write.1.tlog
