e:\muonline\projectsrcvvh\safe_03_04_2025\source\gameserver\gameserver\debug\gameserver.pch
e:\muonline\projectsrcvvh\safe_03_04_2025\source\gameserver\gameserver\debug\vc142.pdb
e:\muonline\projectsrcvvh\safe_03_04_2025\source\gameserver\gameserver\debug\vc142.idb
e:\muonline\projectsrcvvh\safe_03_04_2025\source\gameserver\gameserver\debug\stdafx.obj
e:\muonline\projectsrcvvh\safe_03_04_2025\source\gameserver\gameserver\debug\battlesoccer.obj
e:\muonline\projectsrcvvh\safe_03_04_2025\source\gameserver\gameserver\debug\battleground.obj
e:\muonline\projectsrcvvh\safe_03_04_2025\source\gameserver\gameserver\debug\math.obj
e:\muonline\projectsrcvvh\safe_03_04_2025\source\gameserver\gameserver\debug\ccrc32.obj
e:\muonline\projectsrcvvh\safe_03_04_2025\source\gameserver\gameserver\debug\crywolfobjinfo.obj
e:\muonline\projectsrcvvh\safe_03_04_2025\source\gameserver\gameserver\debug\criticalsection.obj
e:\muonline\projectsrcvvh\safe_03_04_2025\source\gameserver\gameserver\debug\connection.obj
e:\muonline\projectsrcvvh\safe_03_04_2025\source\gameserver\gameserver\debug\command.obj
e:\muonline\projectsrcvvh\safe_03_04_2025\source\gameserver\gameserver\debug\ceventname.obj
e:\muonline\projectsrcvvh\safe_03_04_2025\source\gameserver\gameserver\debug\crywolfsync.obj
e:\muonline\projectsrcvvh\safe_03_04_2025\source\gameserver\gameserver\debug\effect.obj
e:\muonline\projectsrcvvh\safe_03_04_2025\source\gameserver\gameserver\debug\defaultclassinfo.obj
e:\muonline\projectsrcvvh\safe_03_04_2025\source\gameserver\gameserver\debug\customwing.obj
e:\muonline\projectsrcvvh\safe_03_04_2025\source\gameserver\gameserver\debug\gamemaster.obj
e:\muonline\projectsrcvvh\safe_03_04_2025\source\gameserver\gameserver\debug\filterraname.obj
e:\muonline\projectsrcvvh\safe_03_04_2025\source\gameserver\gameserver\debug\filter.obj
e:\muonline\projectsrcvvh\safe_03_04_2025\source\gameserver\gameserver\debug\experiencetable.obj
e:\muonline\projectsrcvvh\safe_03_04_2025\source\gameserver\gameserver\debug\itembagmanager.obj
e:\muonline\projectsrcvvh\safe_03_04_2025\source\gameserver\gameserver\debug\hackpacketcheck.obj
e:\muonline\projectsrcvvh\safe_03_04_2025\source\gameserver\gameserver\debug\kanturuobjinfo.obj
e:\muonline\projectsrcvvh\safe_03_04_2025\source\gameserver\gameserver\debug\minidump.obj
e:\muonline\projectsrcvvh\safe_03_04_2025\source\gameserver\gameserver\debug\message.obj
e:\muonline\projectsrcvvh\safe_03_04_2025\source\gameserver\gameserver\debug\memscript.obj
e:\muonline\projectsrcvvh\safe_03_04_2025\source\gameserver\gameserver\debug\memoryallocator.obj
e:\muonline\projectsrcvvh\safe_03_04_2025\source\gameserver\gameserver\debug\mappath.obj
e:\muonline\projectsrcvvh\safe_03_04_2025\source\gameserver\gameserver\debug\log.obj
e:\muonline\projectsrcvvh\safe_03_04_2025\source\gameserver\gameserver\debug\kanturustateinfo.obj
e:\muonline\projectsrcvvh\safe_03_04_2025\source\gameserver\gameserver\debug\monsteraiunitinfo.obj
e:\muonline\projectsrcvvh\safe_03_04_2025\source\gameserver\gameserver\debug\monsteraistate.obj
e:\muonline\projectsrcvvh\safe_03_04_2025\source\gameserver\gameserver\debug\monsterairule.obj
e:\muonline\projectsrcvvh\safe_03_04_2025\source\gameserver\gameserver\debug\monsteraimovepathinfo.obj
e:\muonline\projectsrcvvh\safe_03_04_2025\source\gameserver\gameserver\debug\monsteraimovepath.obj
e:\muonline\projectsrcvvh\safe_03_04_2025\source\gameserver\gameserver\debug\monsteraigroupmember.obj
e:\muonline\projectsrcvvh\safe_03_04_2025\source\gameserver\gameserver\debug\monsteraiautomatainfo.obj
e:\muonline\projectsrcvvh\safe_03_04_2025\source\gameserver\gameserver\debug\monsteraiautomata.obj
e:\muonline\projectsrcvvh\safe_03_04_2025\source\gameserver\gameserver\debug\gameserver.tlog\cl.command.1.tlog
e:\muonline\projectsrcvvh\safe_03_04_2025\source\gameserver\gameserver\debug\gameserver.tlog\cl.read.1.tlog
e:\muonline\projectsrcvvh\safe_03_04_2025\source\gameserver\gameserver\debug\gameserver.tlog\cl.write.1.tlog
