C:\Program Files (x86)\MSBuild\Microsoft.Cpp\v4.0\Microsoft.CppBuild.targets(299,5): warning MSB8004: Output Directory does not end with a trailing slash.  This build instance will add the slash as it is required to allow proper evaluation of the Output Directory.
  stdafx.cpp
  CGMHardwareId.cpp
  ClientManager.cpp
ClientManager.cpp(125): warning C4996: 'strcpy': This function or variable may be unsafe. Consider using strcpy_s instead. To disable deprecation, use _CRT_SECURE_NO_WARNINGS. See online help for details.
          C:\Program Files (x86)\Microsoft Visual Studio 10.0\VC\include\string.h(105) : see declaration of 'strcpy'
  ConnectServer.cpp
  ConnectServerProtocol.cpp
ConnectServerProtocol.cpp(194): warning C4018: '<=' : signed/unsigned mismatch
ConnectServerProtocol.cpp(209): warning C4018: '<' : signed/unsigned mismatch
  ConnectVersionHex.cpp
ConnectVersionHex.cpp(38): warning C4996: 'fopen': This function or variable may be unsafe. Consider using fopen_s instead. To disable deprecation, use _CRT_SECURE_NO_WARNINGS. See online help for details.
          C:\Program Files (x86)\Microsoft Visual Studio 10.0\VC\include\stdio.h(234) : see declaration of 'fopen'
  CriticalSection.cpp
  IpManager.cpp
  Log.cpp
  MemScript.cpp
  MiniDump.cpp
  Protect.cpp
  Queue.cpp
  ServerDisplayer.cpp
  ServerList.cpp
  SocketManager.cpp
  SocketManagerUdp.cpp
  Util.cpp
  Generating code
  Finished generating code
  ConnectServer.vcxproj -> D:\NewSource5.2Tkm\Build\ConnectServer.exe
