d:\newsource5.2tkm\safe_03_04_2025\source\main5.2\source\debug\imgui.obj
d:\newsource5.2tkm\safe_03_04_2025\source\main5.2\source\debug\imgui_impl_win32.obj
d:\newsource5.2tkm\safe_03_04_2025\source\main5.2\source\debug\imgui_draw.obj
d:\newsource5.2tkm\safe_03_04_2025\source\main5.2\source\debug\imgui_widgets.obj
d:\newsource5.2tkm\safe_03_04_2025\source\main5.2\source\debug\imgui_tables.obj
d:\newsource5.2tkm\safe_03_04_2025\source\main5.2\source\debug\imgui_impl_opengl2.obj
d:\newsource5.2tkm\safe_03_04_2025\source\main5.2\source\debug\imgui_demo.obj
d:\newsource5.2tkm\safe_03_04_2025\source\main5.2\source\debug\vc142.pdb
d:\newsource5.2tkm\safe_03_04_2025\source\main5.2\source\debug\main.pch
d:\newsource5.2tkm\safe_03_04_2025\source\main5.2\source\debug\stdafx.obj
d:\newsource5.2tkm\safe_03_04_2025\source\main5.2\source\debug\cgmitemwings.obj
d:\newsource5.2tkm\safe_03_04_2025\source\main5.2\source\debug\cmvp1stdirection.obj
d:\newsource5.2tkm\safe_03_04_2025\source\main5.2\source\debug\cuilistbox.obj
d:\newsource5.2tkm\safe_03_04_2025\source\main5.2\source\debug\dsplaysound.obj
d:\newsource5.2tkm\safe_03_04_2025\source\main5.2\source\debug\gmdeventer.obj
d:\newsource5.2tkm\safe_03_04_2025\source\main5.2\source\debug\gmnixieslake.obj
d:\newsource5.2tkm\safe_03_04_2025\source\main5.2\source\debug\gm_kanturu_3rd.obj
d:\newsource5.2tkm\safe_03_04_2025\source\main5.2\source\debug\listmanager.obj
d:\newsource5.2tkm\safe_03_04_2025\source\main5.2\source\debug\shoplistmanager.obj
d:\newsource5.2tkm\safe_03_04_2025\source\main5.2\source\debug\input.obj
d:\newsource5.2tkm\safe_03_04_2025\source\main5.2\source\debug\newuicastlewindow.obj
d:\newsource5.2tkm\safe_03_04_2025\source\main5.2\source\debug\newuiexchangeluckycoin.obj
d:\newsource5.2tkm\safe_03_04_2025\source\main5.2\source\debug\newuiminimap.obj
d:\newsource5.2tkm\safe_03_04_2025\source\main5.2\source\debug\newuiquestprogressbyetc.obj
d:\newsource5.2tkm\safe_03_04_2025\source\main5.2\source\debug\newuitextbox.obj
d:\newsource5.2tkm\safe_03_04_2025\source\main5.2\source\debug\uimng.obj
d:\newsource5.2tkm\safe_03_04_2025\source\main5.2\source\debug\winhandle.obj
d:\newsource5.2tkm\safe_03_04_2025\source\main5.2\source\debug\w_mapprocess.obj
d:\newsource5.2tkm\safe_03_04_2025\source\main5.2\source\debug\button.obj
d:\newsource5.2tkm\safe_03_04_2025\source\main5.2\source\debug\csquest.obj
d:\newsource5.2tkm\safe_03_04_2025\source\main5.2\source\debug\filterinfo.obj
d:\newsource5.2tkm\safe_03_04_2025\source\main5.2\source\debug\gmacheron.obj
d:\newsource5.2tkm\safe_03_04_2025\source\main5.2\source\debug\gmempireguardian2.obj
d:\newsource5.2tkm\safe_03_04_2025\source\main5.2\source\debug\gmurukmountain.obj
d:\newsource5.2tkm\safe_03_04_2025\source\main5.2\source\debug\gamblesystem.obj
d:\newsource5.2tkm\safe_03_04_2025\source\main5.2\source\debug\ftpconnecter.obj
d:\newsource5.2tkm\safe_03_04_2025\source\main5.2\source\debug\msgboxigsgiftstorageiteminfo.obj
d:\newsource5.2tkm\safe_03_04_2025\source\main5.2\source\debug\itemmanager.obj
d:\newsource5.2tkm\safe_03_04_2025\source\main5.2\source\debug\loginmainwin.obj
d:\newsource5.2tkm\safe_03_04_2025\source\main5.2\source\debug\newuicustommessagebox.obj
d:\newsource5.2tkm\safe_03_04_2025\source\main5.2\source\debug\newuipetinfowindow.obj
d:\newsource5.2tkm\safe_03_04_2025\source\main5.2\source\debug\newuitrade.obj
d:\newsource5.2tkm\safe_03_04_2025\source\main5.2\source\debug\zzzbmd.obj
d:\newsource5.2tkm\safe_03_04_2025\source\main5.2\source\debug\w_petactiondemon.obj
d:\newsource5.2tkm\safe_03_04_2025\source\main5.2\source\debug\w_petactionmuun.obj
d:\newsource5.2tkm\safe_03_04_2025\source\main5.2\source\debug\cgmmodelmanager.obj
d:\newsource5.2tkm\safe_03_04_2025\source\main5.2\source\debug\cschaoscastle.obj
d:\newsource5.2tkm\safe_03_04_2025\source\main5.2\source\debug\xortrans.obj
d:\newsource5.2tkm\safe_03_04_2025\source\main5.2\source\debug\gm3rdchangeup.obj
d:\newsource5.2tkm\safe_03_04_2025\source\main5.2\source\debug\gm_kanturu_1st.obj
d:\newsource5.2tkm\safe_03_04_2025\source\main5.2\source\debug\bannerinfolist.obj
d:\newsource5.2tkm\safe_03_04_2025\source\main5.2\source\debug\shoplist.obj
d:\newsource5.2tkm\safe_03_04_2025\source\main5.2\source\debug\mucrypto.obj
d:\newsource5.2tkm\safe_03_04_2025\source\main5.2\source\debug\newuicursedtemplesystem.obj
d:\newsource5.2tkm\safe_03_04_2025\source\main5.2\source\debug\newuiinventorycore.obj
d:\newsource5.2tkm\safe_03_04_2025\source\main5.2\source\debug\newuimixexpansion.obj
d:\newsource5.2tkm\safe_03_04_2025\source\main5.2\source\debug\newuistorageinventory.obj
d:\newsource5.2tkm\safe_03_04_2025\source\main5.2\source\debug\win.obj
d:\newsource5.2tkm\safe_03_04_2025\source\main5.2\source\debug\winmain.obj
d:\newsource5.2tkm\safe_03_04_2025\source\main5.2\source\debug\cgmeffecthandle.obj
d:\newsource5.2tkm\safe_03_04_2025\source\main5.2\source\debug\charactermanager.obj
d:\newsource5.2tkm\safe_03_04_2025\source\main5.2\source\debug\callstackdmp.obj
d:\newsource5.2tkm\safe_03_04_2025\source\main5.2\source\debug\gmbattlecastle.obj
d:\newsource5.2tkm\safe_03_04_2025\source\main5.2\source\debug\bannerlistmanager.obj
d:\newsource5.2tkm\safe_03_04_2025\source\main5.2\source\debug\shoppackagelist.obj
d:\newsource5.2tkm\safe_03_04_2025\source\main5.2\source\debug\zzzmathlib.obj
d:\newsource5.2tkm\safe_03_04_2025\source\main5.2\source\debug\newuibattlesoccerscore.obj
d:\newsource5.2tkm\safe_03_04_2025\source\main5.2\source\debug\newuicommandwindow.obj
d:\newsource5.2tkm\safe_03_04_2025\source\main5.2\source\debug\newuigatemanwindow.obj
d:\newsource5.2tkm\safe_03_04_2025\source\main5.2\source\debug\newuiluckyitemwnd.obj
d:\newsource5.2tkm\safe_03_04_2025\source\main5.2\source\debug\newuiregistrationluckycoin.obj
d:\newsource5.2tkm\safe_03_04_2025\source\main5.2\source\debug\smd.obj
d:\newsource5.2tkm\safe_03_04_2025\source\main5.2\source\debug\servergroup.obj
d:\newsource5.2tkm\safe_03_04_2025\source\main5.2\source\debug\skilleffectmgr.obj
d:\newsource5.2tkm\safe_03_04_2025\source\main5.2\source\debug\socketsystem.obj
d:\newsource5.2tkm\safe_03_04_2025\source\main5.2\source\debug\util.obj
d:\newsource5.2tkm\safe_03_04_2025\source\main5.2\source\debug\zzzeffectnouse.obj
d:\newsource5.2tkm\safe_03_04_2025\source\main5.2\source\debug\zzzobject.obj
d:\newsource5.2tkm\safe_03_04_2025\source\main5.2\source\debug\cgmphysicsmanager.obj
d:\newsource5.2tkm\safe_03_04_2025\source\main5.2\source\debug\csmapserver.obj
d:\newsource5.2tkm\safe_03_04_2025\source\main5.2\source\debug\gmcharacterscene.obj
d:\newsource5.2tkm\safe_03_04_2025\source\main5.2\source\debug\gmhellas.obj
d:\newsource5.2tkm\safe_03_04_2025\source\main5.2\source\debug\shoppackage.obj
d:\newsource5.2tkm\safe_03_04_2025\source\main5.2\source\debug\guildmanager.obj
d:\newsource5.2tkm\safe_03_04_2025\source\main5.2\source\debug\newuicatapultwindow.obj
d:\newsource5.2tkm\safe_03_04_2025\source\main5.2\source\debug\newuieventtimeview.obj
d:\newsource5.2tkm\safe_03_04_2025\source\main5.2\source\debug\newuiitemtooltip.obj
d:\newsource5.2tkm\safe_03_04_2025\source\main5.2\source\debug\newuiquestprogress.obj
d:\newsource5.2tkm\safe_03_04_2025\source\main5.2\source\debug\sprite.obj
d:\newsource5.2tkm\safe_03_04_2025\source\main5.2\source\debug\uicontrols.obj
d:\newsource5.2tkm\safe_03_04_2025\source\main5.2\source\debug\builder.obj
d:\newsource5.2tkm\safe_03_04_2025\source\main5.2\source\debug\cgmprotect.obj
d:\newsource5.2tkm\safe_03_04_2025\source\main5.2\source\debug\explanationinfo.obj
d:\newsource5.2tkm\safe_03_04_2025\source\main5.2\source\debug\exceptionhandler.obj
d:\newsource5.2tkm\safe_03_04_2025\source\main5.2\source\debug\gmdoppelganger1.obj
d:\newsource5.2tkm\safe_03_04_2025\source\main5.2\source\debug\bannerinfo.obj
d:\newsource5.2tkm\safe_03_04_2025\source\main5.2\source\debug\stringtoken.obj
d:\newsource5.2tkm\safe_03_04_2025\source\main5.2\source\debug\local.obj
d:\newsource5.2tkm\safe_03_04_2025\source\main5.2\source\debug\newchaoscastlesystem.obj
d:\newsource5.2tkm\safe_03_04_2025\source\main5.2\source\debug\newuiduelwatchmainframewindow.obj
d:\newsource5.2tkm\safe_03_04_2025\source\main5.2\source\debug\newuiguardwindow.obj
d:\newsource5.2tkm\safe_03_04_2025\source\main5.2\source\debug\newuimacromain.obj
d:\newsource5.2tkm\safe_03_04_2025\source\main5.2\source\debug\newuisiegewarbase.obj
d:\newsource5.2tkm\safe_03_04_2025\source\main5.2\source\debug\uijewelharmony.obj
d:\newsource5.2tkm\safe_03_04_2025\source\main5.2\source\debug\jpexs.obj
d:\newsource5.2tkm\safe_03_04_2025\source\main5.2\source\debug\npcbreeder.obj
d:\newsource5.2tkm\safe_03_04_2025\source\main5.2\source\debug\w_petactionstand.obj
d:\newsource5.2tkm\safe_03_04_2025\source\main5.2\source\debug\zzzpath.obj
d:\newsource5.2tkm\safe_03_04_2025\source\main5.2\source\debug\cgmcharacter.obj
d:\newsource5.2tkm\safe_03_04_2025\source\main5.2\source\debug\cspetsystem.obj
d:\newsource5.2tkm\safe_03_04_2025\source\main5.2\source\debug\gmempireguardian3.obj
d:\newsource5.2tkm\safe_03_04_2025\source\main5.2\source\debug\gm_raklion.obj
d:\newsource5.2tkm\safe_03_04_2025\source\main5.2\source\debug\msgboxigsuseitemconfirm.obj
d:\newsource5.2tkm\safe_03_04_2025\source\main5.2\source\debug\moviescene.obj
d:\newsource5.2tkm\safe_03_04_2025\source\main5.2\source\debug\newui3drendermng.obj
d:\newsource5.2tkm\safe_03_04_2025\source\main5.2\source\debug\newuicommandfilter.obj
d:\newsource5.2tkm\safe_03_04_2025\source\main5.2\source\debug\newuifriendwindow.obj
d:\newsource5.2tkm\safe_03_04_2025\source\main5.2\source\debug\newuimacrosub.obj
d:\newsource5.2tkm\safe_03_04_2025\source\main5.2\source\debug\newuiquickcommandwindow.obj
d:\newsource5.2tkm\safe_03_04_2025\source\main5.2\source\debug\portalmgr.obj
d:\newsource5.2tkm\safe_03_04_2025\source\main5.2\source\debug\resolutions.obj
d:\newsource5.2tkm\safe_03_04_2025\source\main5.2\source\debug\skillinfo.obj
d:\newsource5.2tkm\safe_03_04_2025\source\main5.2\source\debug\skillmanager.obj
d:\newsource5.2tkm\safe_03_04_2025\source\main5.2\source\debug\muconsoledebug.obj
d:\newsource5.2tkm\safe_03_04_2025\source\main5.2\source\debug\zzzcharacter.obj
d:\newsource5.2tkm\safe_03_04_2025\source\main5.2\source\debug\ccomgem.obj
d:\newsource5.2tkm\safe_03_04_2025\source\main5.2\source\debug\duelmgr.obj
d:\newsource5.2tkm\safe_03_04_2025\source\main5.2\source\debug\msgboxigsstorageiteminfo.obj
d:\newsource5.2tkm\safe_03_04_2025\source\main5.2\source\debug\globalbitmap.obj
d:\newsource5.2tkm\safe_03_04_2025\source\main5.2\source\debug\newuiempireguardiantimer.obj
d:\newsource5.2tkm\safe_03_04_2025\source\main5.2\source\debug\newuilistgroupbutton.obj
d:\newsource5.2tkm\safe_03_04_2025\source\main5.2\source\debug\newuimainframewindow.obj
d:\newsource5.2tkm\safe_03_04_2025\source\main5.2\source\debug\newuisystem.obj
d:\newsource5.2tkm\safe_03_04_2025\source\main5.2\source\debug\uimanager.obj
d:\newsource5.2tkm\safe_03_04_2025\source\main5.2\source\debug\w_buffstatesystem.obj
d:\newsource5.2tkm\safe_03_04_2025\source\main5.2\source\debug\w_bufftimecontrol.obj
d:\newsource5.2tkm\safe_03_04_2025\source\main5.2\source\debug\zzzeffectsprite.obj
d:\newsource5.2tkm\safe_03_04_2025\source\main5.2\source\debug\cbtmessagebox.obj
d:\newsource5.2tkm\safe_03_04_2025\source\main5.2\source\debug\cgmscriptlua.obj
d:\newsource5.2tkm\safe_03_04_2025\source\main5.2\source\debug\newuiitemenduranceinfo.obj
d:\newsource5.2tkm\safe_03_04_2025\source\main5.2\source\debug\newuimyshopinventory.obj
d:\newsource5.2tkm\safe_03_04_2025\source\main5.2\source\debug\scaleform.obj
d:\newsource5.2tkm\safe_03_04_2025\source\main5.2\source\debug\sidehair.obj
d:\newsource5.2tkm\safe_03_04_2025\source\main5.2\source\debug\slideinfo.obj
d:\newsource5.2tkm\safe_03_04_2025\source\main5.2\source\debug\sysmenuwin.obj
d:\newsource5.2tkm\safe_03_04_2025\source\main5.2\source\debug\zzzlodterrain.obj
d:\newsource5.2tkm\safe_03_04_2025\source\main5.2\source\debug\w_petprocess.obj
d:\newsource5.2tkm\safe_03_04_2025\source\main5.2\source\debug\cgmitemdropname.obj
d:\newsource5.2tkm\safe_03_04_2025\source\main5.2\source\debug\connectversionhex.obj
d:\newsource5.2tkm\safe_03_04_2025\source\main5.2\source\debug\gmcryingwolf2nd.obj
d:\newsource5.2tkm\safe_03_04_2025\source\main5.2\source\debug\msgboxigsbuyselectitem.obj
d:\newsource5.2tkm\safe_03_04_2025\source\main5.2\source\debug\path.obj
d:\newsource5.2tkm\safe_03_04_2025\source\main5.2\source\debug\movecommanddata.obj
d:\newsource5.2tkm\safe_03_04_2025\source\main5.2\source\debug\newuibloodcastletime.obj
d:\newsource5.2tkm\safe_03_04_2025\source\main5.2\source\debug\newuicursedtempleenter.obj
d:\newsource5.2tkm\safe_03_04_2025\source\main5.2\source\debug\newuigateswitchwindow.obj
d:\newsource5.2tkm\safe_03_04_2025\source\main5.2\source\debug\newuimenuuser.obj
d:\newsource5.2tkm\safe_03_04_2025\source\main5.2\source\debug\newuireconnect.obj
d:\newsource5.2tkm\safe_03_04_2025\source\main5.2\source\debug\protocolsend.obj
d:\newsource5.2tkm\safe_03_04_2025\source\main5.2\source\debug\questmng.obj
d:\newsource5.2tkm\safe_03_04_2025\source\main5.2\source\debug\zzzeffectmagicskill.obj
d:\newsource5.2tkm\safe_03_04_2025\source\main5.2\source\debug\zzzeffectpointer.obj
d:\newsource5.2tkm\safe_03_04_2025\source\main5.2\source\debug\zzztexture.obj
d:\newsource5.2tkm\safe_03_04_2025\source\main5.2\source\debug\steady_clock.obj
d:\newsource5.2tkm\safe_03_04_2025\source\main5.2\source\debug\w_petactionunicorn.obj
d:\newsource5.2tkm\safe_03_04_2025\source\main5.2\source\debug\cgmframe.obj
d:\newsource5.2tkm\safe_03_04_2025\source\main5.2\source\debug\cgmrendergroupmesh.obj
d:\newsource5.2tkm\safe_03_04_2025\source\main5.2\source\debug\gmnewtown.obj
d:\newsource5.2tkm\safe_03_04_2025\source\main5.2\source\debug\msgboxigsbuypackageitem.obj
d:\newsource5.2tkm\safe_03_04_2025\source\main5.2\source\debug\newuibloodcastleenter.obj
d:\newsource5.2tkm\safe_03_04_2025\source\main5.2\source\debug\newuiduelwatchuserlistwindow.obj
d:\newsource5.2tkm\safe_03_04_2025\source\main5.2\source\debug\newuigoldbowmanlena.obj
d:\newsource5.2tkm\safe_03_04_2025\source\main5.2\source\debug\newuioptionwindow.obj
d:\newsource5.2tkm\safe_03_04_2025\source\main5.2\source\debug\newuiseigewarfare.obj
d:\newsource5.2tkm\safe_03_04_2025\source\main5.2\source\debug\serverlistmanager.obj
d:\newsource5.2tkm\safe_03_04_2025\source\main5.2\source\debug\timer.obj
d:\newsource5.2tkm\safe_03_04_2025\source\main5.2\source\debug\uiguardsman.obj
d:\newsource5.2tkm\safe_03_04_2025\source\main5.2\source\debug\zzzeffectparticle.obj
d:\newsource5.2tkm\safe_03_04_2025\source\main5.2\source\debug\bonemanager.obj
d:\newsource5.2tkm\safe_03_04_2025\source\main5.2\source\debug\csitemoption.obj
d:\newsource5.2tkm\safe_03_04_2025\source\main5.2\source\debug\gmferea.obj
d:\newsource5.2tkm\safe_03_04_2025\source\main5.2\source\debug\gmzonenars.obj
d:\newsource5.2tkm\safe_03_04_2025\source\main5.2\source\debug\filedownloader.obj
d:\newsource5.2tkm\safe_03_04_2025\source\main5.2\source\debug\msgboxigssendgift.obj
d:\newsource5.2tkm\safe_03_04_2025\source\main5.2\source\debug\movereqinfo.obj
d:\newsource5.2tkm\safe_03_04_2025\source\main5.2\source\debug\multilanguage.obj
d:\newsource5.2tkm\safe_03_04_2025\source\main5.2\source\debug\newuibutton.obj
d:\newsource5.2tkm\safe_03_04_2025\source\main5.2\source\debug\newuicrywolf.obj
d:\newsource5.2tkm\safe_03_04_2025\source\main5.2\source\debug\newuigensranking.obj
d:\newsource5.2tkm\safe_03_04_2025\source\main5.2\source\debug\newuimanager.obj
d:\newsource5.2tkm\safe_03_04_2025\source\main5.2\source\debug\newuimyinventory.obj
d:\newsource5.2tkm\safe_03_04_2025\source\main5.2\source\debug\w_petactioncollecter.obj
d:\newsource5.2tkm\safe_03_04_2025\source\main5.2\source\debug\cgmjewelofaction.obj
d:\newsource5.2tkm\safe_03_04_2025\source\main5.2\source\debug\creditwin.obj
d:\newsource5.2tkm\safe_03_04_2025\source\main5.2\source\debug\ingameshopsystem.obj
d:\newsource5.2tkm\safe_03_04_2025\source\main5.2\source\debug\newuibuffwindow.obj
d:\newsource5.2tkm\safe_03_04_2025\source\main5.2\source\debug\newuicommonmessagebox.obj
d:\newsource5.2tkm\safe_03_04_2025\source\main5.2\source\debug\newuikanturuevent.obj
d:\newsource5.2tkm\safe_03_04_2025\source\main5.2\source\debug\newuipurcharsevip.obj
d:\newsource5.2tkm\safe_03_04_2025\source\main5.2\source\debug\physicsmanager.obj
d:\newsource5.2tkm\safe_03_04_2025\source\main5.2\source\debug\scriptitem.obj
d:\newsource5.2tkm\safe_03_04_2025\source\main5.2\source\debug\ctimcheck.obj
d:\newsource5.2tkm\safe_03_04_2025\source\main5.2\source\debug\uipopup.obj
d:\newsource5.2tkm\safe_03_04_2025\source\main5.2\source\debug\npcgateswitch.obj
d:\newsource5.2tkm\safe_03_04_2025\source\main5.2\source\debug\ccrc32.obj
d:\newsource5.2tkm\safe_03_04_2025\source\main5.2\source\debug\cgmresetmanager.obj
d:\newsource5.2tkm\safe_03_04_2025\source\main5.2\source\debug\html_log.obj
d:\newsource5.2tkm\safe_03_04_2025\source\main5.2\source\debug\gmaida.obj
d:\newsource5.2tkm\safe_03_04_2025\source\main5.2\source\debug\msgboxigssendgiftconfirm.obj
d:\newsource5.2tkm\safe_03_04_2025\source\main5.2\source\debug\wzresult.obj
d:\newsource5.2tkm\safe_03_04_2025\source\main5.2\source\debug\guildcache.obj
d:\newsource5.2tkm\safe_03_04_2025\source\main5.2\source\debug\newuicharacterinfowindow.obj
d:\newsource5.2tkm\safe_03_04_2025\source\main5.2\source\debug\newuiguildmakewindow.obj
d:\newsource5.2tkm\safe_03_04_2025\source\main5.2\source\debug\newuimessagebox.obj
d:\newsource5.2tkm\safe_03_04_2025\source\main5.2\source\debug\newuipartylistwindow.obj
d:\newsource5.2tkm\safe_03_04_2025\source\main5.2\source\debug\newuisiegewarcommander.obj
d:\newsource5.2tkm\safe_03_04_2025\source\main5.2\source\debug\shadowvolume.obj
d:\newsource5.2tkm\safe_03_04_2025\source\main5.2\source\debug\uicontrolrender.obj
d:\newsource5.2tkm\safe_03_04_2025\source\main5.2\source\debug\debugangel.obj
d:\newsource5.2tkm\safe_03_04_2025\source\main5.2\source\debug\windowsconsole.obj
d:\newsource5.2tkm\safe_03_04_2025\source\main5.2\source\debug\memorylock.obj
d:\newsource5.2tkm\safe_03_04_2025\source\main5.2\source\debug\winex.obj
d:\newsource5.2tkm\safe_03_04_2025\source\main5.2\source\debug\zzzeffectjoint.obj
d:\newsource5.2tkm\safe_03_04_2025\source\main5.2\source\debug\cgmitemeffect.obj
d:\newsource5.2tkm\safe_03_04_2025\source\main5.2\source\debug\csparts.obj
d:\newsource5.2tkm\safe_03_04_2025\source\main5.2\source\debug\charinfoballoon.obj
d:\newsource5.2tkm\safe_03_04_2025\source\main5.2\source\debug\creditinfo.obj
d:\newsource5.2tkm\safe_03_04_2025\source\main5.2\source\debug\dswaveio.obj
d:\newsource5.2tkm\safe_03_04_2025\source\main5.2\source\debug\checkintegrity.obj
d:\newsource5.2tkm\safe_03_04_2025\source\main5.2\source\debug\gmdoppelganger4.obj
d:\newsource5.2tkm\safe_03_04_2025\source\main5.2\source\debug\gmloginscene.obj
d:\newsource5.2tkm\safe_03_04_2025\source\main5.2\source\debug\gm_kanturu_2nd.obj
d:\newsource5.2tkm\safe_03_04_2025\source\main5.2\source\debug\gaugebar.obj
d:\newsource5.2tkm\safe_03_04_2025\source\main5.2\source\debug\monksystem.obj
d:\newsource5.2tkm\safe_03_04_2025\source\main5.2\source\debug\newuidevilsquareenter.obj
d:\newsource5.2tkm\safe_03_04_2025\source\main5.2\source\debug\newuihotkey.obj
d:\newsource5.2tkm\safe_03_04_2025\source\main5.2\source\debug\newuimovecommandwindow.obj
d:\newsource5.2tkm\safe_03_04_2025\source\main5.2\source\debug\newuislidewindow.obj
d:\newsource5.2tkm\safe_03_04_2025\source\main5.2\source\debug\plist.obj
d:\newsource5.2tkm\safe_03_04_2025\source\main5.2\source\debug\pathfinding.obj
d:\newsource5.2tkm\safe_03_04_2025\source\main5.2\source\debug\summonsystem.obj
d:\newsource5.2tkm\safe_03_04_2025\source\main5.2\source\debug\zzzopenglutil.obj
d:\newsource5.2tkm\safe_03_04_2025\source\main5.2\source\debug\cgmheadchat.obj
d:\newsource5.2tkm\safe_03_04_2025\source\main5.2\source\debug\xstreambuf.obj
d:\newsource5.2tkm\safe_03_04_2025\source\main5.2\source\debug\gmdoppelganger3.obj
d:\newsource5.2tkm\safe_03_04_2025\source\main5.2\source\debug\gmempireguardian4.obj
d:\newsource5.2tkm\safe_03_04_2025\source\main5.2\source\debug\goboid.obj
d:\newsource5.2tkm\safe_03_04_2025\source\main5.2\source\debug\mapmanager.obj
d:\newsource5.2tkm\safe_03_04_2025\source\main5.2\source\debug\newuiduelwindow.obj
d:\newsource5.2tkm\safe_03_04_2025\source\main5.2\source\debug\newuiheropositioninfo.obj
d:\newsource5.2tkm\safe_03_04_2025\source\main5.2\source\debug\newuinpcshop.obj
d:\newsource5.2tkm\safe_03_04_2025\source\main5.2\source\debug\newuistorageexpansion.obj
d:\newsource5.2tkm\safe_03_04_2025\source\main5.2\source\debug\slider.obj
d:\newsource5.2tkm\safe_03_04_2025\source\main5.2\source\debug\testeventmap.obj
d:\newsource5.2tkm\safe_03_04_2025\source\main5.2\source\debug\uiguildmaster.obj
d:\newsource5.2tkm\safe_03_04_2025\source\main5.2\source\debug\pugixml.obj
d:\newsource5.2tkm\safe_03_04_2025\source\main5.2\source\debug\cgminvasionmanager.obj
d:\newsource5.2tkm\safe_03_04_2025\source\main5.2\source\debug\dialoginfo.obj
d:\newsource5.2tkm\safe_03_04_2025\source\main5.2\source\debug\sysinfo.obj
d:\newsource5.2tkm\safe_03_04_2025\source\main5.2\source\debug\gmempireguardian1.obj
d:\newsource5.2tkm\safe_03_04_2025\source\main5.2\source\debug\gm_pk_field.obj
d:\newsource5.2tkm\safe_03_04_2025\source\main5.2\source\debug\msgboxigsusebuffconfirm.obj
d:\newsource5.2tkm\safe_03_04_2025\source\main5.2\source\debug\newuichaoscastletime.obj
d:\newsource5.2tkm\safe_03_04_2025\source\main5.2\source\debug\newuiempireguardiannpc.obj
d:\newsource5.2tkm\safe_03_04_2025\source\main5.2\source\debug\newuiitemmng.obj
d:\newsource5.2tkm\safe_03_04_2025\source\main5.2\source\debug\newuimasterskilltree.obj
d:\newsource5.2tkm\safe_03_04_2025\source\main5.2\source\debug\newuirendernumber.obj
d:\newsource5.2tkm\safe_03_04_2025\source\main5.2\source\debug\newuiscrollbar.obj
d:\newsource5.2tkm\safe_03_04_2025\source\main5.2\source\debug\newuisetitemexplanation.obj
d:\newsource5.2tkm\safe_03_04_2025\source\main5.2\source\debug\uiguildinfo.obj
d:\newsource5.2tkm\safe_03_04_2025\source\main5.2\source\debug\zzzopendata.obj
d:\newsource5.2tkm\safe_03_04_2025\source\main5.2\source\debug\cgmfontlayer.obj
d:\newsource5.2tkm\safe_03_04_2025\source\main5.2\source\debug\cshadergl.obj
d:\newsource5.2tkm\safe_03_04_2025\source\main5.2\source\debug\cameramove.obj
d:\newsource5.2tkm\safe_03_04_2025\source\main5.2\source\debug\charmakewin.obj
d:\newsource5.2tkm\safe_03_04_2025\source\main5.2\source\debug\gmunitedmarketplace.obj
d:\newsource5.2tkm\safe_03_04_2025\source\main5.2\source\debug\downloadinfo.obj
d:\newsource5.2tkm\safe_03_04_2025\source\main5.2\source\debug\msgboxigsdeleteitemconfirm.obj
d:\newsource5.2tkm\safe_03_04_2025\source\main5.2\source\debug\matchevent.obj
d:\newsource5.2tkm\safe_03_04_2025\source\main5.2\source\debug\newuichatinputbox.obj
d:\newsource5.2tkm\safe_03_04_2025\source\main5.2\source\debug\newuigroup.obj
d:\newsource5.2tkm\safe_03_04_2025\source\main5.2\source\debug\newuiinventoryctrl.obj
d:\newsource5.2tkm\safe_03_04_2025\source\main5.2\source\debug\newuinpcquest.obj
d:\newsource5.2tkm\safe_03_04_2025\source\main5.2\source\debug\newuisiegewarobserver.obj
d:\newsource5.2tkm\safe_03_04_2025\source\main5.2\source\debug\textclien.obj
d:\newsource5.2tkm\safe_03_04_2025\source\main5.2\source\debug\uimapname.obj
d:\newsource5.2tkm\safe_03_04_2025\source\main5.2\source\debug\w_buffscriptloader.obj
d:\newsource5.2tkm\safe_03_04_2025\source\main5.2\source\debug\w_objectinfo.obj
d:\newsource5.2tkm\safe_03_04_2025\source\main5.2\source\debug\w_petactionround.obj
d:\newsource5.2tkm\safe_03_04_2025\source\main5.2\source\debug\zzzmixinvetory.obj
d:\newsource5.2tkm\safe_03_04_2025\source\main5.2\source\debug\cdirection.obj
d:\newsource5.2tkm\safe_03_04_2025\source\main5.2\source\debug\stdleaf.obj
d:\newsource5.2tkm\safe_03_04_2025\source\main5.2\source\debug\gmdoppelganger2.obj
d:\newsource5.2tkm\safe_03_04_2025\source\main5.2\source\debug\gmswampofquiet.obj
d:\newsource5.2tkm\safe_03_04_2025\source\main5.2\source\debug\msgboxigsbuyconfirm.obj
d:\newsource5.2tkm\safe_03_04_2025\source\main5.2\source\debug\iteminfo.obj
d:\newsource5.2tkm\safe_03_04_2025\source\main5.2\source\debug\mixmgr.obj
d:\newsource5.2tkm\safe_03_04_2025\source\main5.2\source\debug\newuicommon.obj
d:\newsource5.2tkm\safe_03_04_2025\source\main5.2\source\debug\newuiinvenexpansion.obj
d:\newsource5.2tkm\safe_03_04_2025\source\main5.2\source\debug\newuiotherinventory.obj
d:\newsource5.2tkm\safe_03_04_2025\source\main5.2\source\debug\newuipurchaseshopinventory.obj
d:\newsource5.2tkm\safe_03_04_2025\source\main5.2\source\debug\newuiwindowmenu.obj
d:\newsource5.2tkm\safe_03_04_2025\source\main5.2\source\debug\uisenatus.obj
d:\newsource5.2tkm\safe_03_04_2025\source\main5.2\source\debug\supportingfeature.obj
d:\newsource5.2tkm\safe_03_04_2025\source\main5.2\source\debug\w_buff.obj
d:\newsource5.2tkm\safe_03_04_2025\source\main5.2\source\debug\w_characterinfo.obj
d:\newsource5.2tkm\safe_03_04_2025\source\main5.2\source\debug\cgmitemmng.obj
d:\newsource5.2tkm\safe_03_04_2025\source\main5.2\source\debug\cseventmatch.obj
d:\newsource5.2tkm\safe_03_04_2025\source\main5.2\source\debug\gipetmanager.obj
d:\newsource5.2tkm\safe_03_04_2025\source\main5.2\source\debug\ftpfiledownloader.obj
d:\newsource5.2tkm\safe_03_04_2025\source\main5.2\source\debug\shopproductlist.obj
d:\newsource5.2tkm\safe_03_04_2025\source\main5.2\source\debug\keygenerater.obj
d:\newsource5.2tkm\safe_03_04_2025\source\main5.2\source\debug\newbloodcastlesystem.obj
d:\newsource5.2tkm\safe_03_04_2025\source\main5.2\source\debug\newuidoppelgangerframe.obj
d:\newsource5.2tkm\safe_03_04_2025\source\main5.2\source\debug\newuihelpwindow.obj
d:\newsource5.2tkm\safe_03_04_2025\source\main5.2\source\debug\newuimacrogaugebar.obj
d:\newsource5.2tkm\safe_03_04_2025\source\main5.2\source\debug\newuinamewindow.obj
d:\newsource5.2tkm\safe_03_04_2025\source\main5.2\source\debug\newuirankingtop.obj
d:\newsource5.2tkm\safe_03_04_2025\source\main5.2\source\debug\optionwin.obj
d:\newsource5.2tkm\safe_03_04_2025\source\main5.2\source\debug\uiwindows.obj
d:\newsource5.2tkm\safe_03_04_2025\source\main5.2\source\debug\cgmcameraworld.obj
d:\newsource5.2tkm\safe_03_04_2025\source\main5.2\source\debug\peimage.obj
d:\newsource5.2tkm\safe_03_04_2025\source\main5.2\source\debug\gmduelarena.obj
d:\newsource5.2tkm\safe_03_04_2025\source\main5.2\source\debug\gmhuntingground.obj
d:\newsource5.2tkm\safe_03_04_2025\source\main5.2\source\debug\newuiingameshop.obj
d:\newsource5.2tkm\safe_03_04_2025\source\main5.2\source\debug\newuichatlogwindow.obj
d:\newsource5.2tkm\safe_03_04_2025\source\main5.2\source\debug\newuiguildinfowindow.obj
d:\newsource5.2tkm\safe_03_04_2025\source\main5.2\source\debug\newuimixinventory.obj
d:\newsource5.2tkm\safe_03_04_2025\source\main5.2\source\debug\personalshoptitleimp.obj
d:\newsource5.2tkm\safe_03_04_2025\source\main5.2\source\debug\errorreport.obj
d:\newsource5.2tkm\safe_03_04_2025\source\main5.2\source\debug\zzzinfomation.obj
d:\newsource5.2tkm\safe_03_04_2025\source\main5.2\source\debug\blackwin.obj
d:\newsource5.2tkm\safe_03_04_2025\source\main5.2\source\debug\cswaterterrain.obj
d:\newsource5.2tkm\safe_03_04_2025\source\main5.2\source\debug\event.obj
d:\newsource5.2tkm\safe_03_04_2025\source\main5.2\source\debug\gmsantatown.obj
d:\newsource5.2tkm\safe_03_04_2025\source\main5.2\source\debug\gamecensorship.obj
d:\newsource5.2tkm\safe_03_04_2025\source\main5.2\source\debug\httpconnecter.obj
d:\newsource5.2tkm\safe_03_04_2025\source\main5.2\source\debug\msgboxigscommon.obj
d:\newsource5.2tkm\safe_03_04_2025\source\main5.2\source\debug\shopcategorylist.obj
d:\newsource5.2tkm\safe_03_04_2025\source\main5.2\source\debug\loginwin.obj
d:\newsource5.2tkm\safe_03_04_2025\source\main5.2\source\debug\newuiduelwatchwindow.obj
d:\newsource5.2tkm\safe_03_04_2025\source\main5.2\source\debug\newuiitemexplanationwindow.obj
d:\newsource5.2tkm\safe_03_04_2025\source\main5.2\source\debug\newuinpcdialogue.obj
d:\newsource5.2tkm\safe_03_04_2025\source\main5.2\source\debug\observer.obj
d:\newsource5.2tkm\safe_03_04_2025\source\main5.2\source\debug\partymanager.obj
d:\newsource5.2tkm\safe_03_04_2025\source\main5.2\source\debug\protectsyskey.obj
d:\newsource5.2tkm\safe_03_04_2025\source\main5.2\source\debug\questinfo.obj
d:\newsource5.2tkm\safe_03_04_2025\source\main5.2\source\debug\smd2bmd.obj
d:\newsource5.2tkm\safe_03_04_2025\source\main5.2\source\debug\serverinfo.obj
d:\newsource5.2tkm\safe_03_04_2025\source\main5.2\source\debug\servermsgwin.obj
d:\newsource5.2tkm\safe_03_04_2025\source\main5.2\source\debug\texturescript.obj
d:\newsource5.2tkm\safe_03_04_2025\source\main5.2\source\debug\uidefaultbase.obj
d:\newsource5.2tkm\safe_03_04_2025\source\main5.2\source\debug\uigatekeeper.obj
d:\newsource5.2tkm\safe_03_04_2025\source\main5.2\source\debug\zzzeffectfireleave.obj
d:\newsource5.2tkm\safe_03_04_2025\source\main5.2\source\debug\w_petactioncollecter_add.obj
d:\newsource5.2tkm\safe_03_04_2025\source\main5.2\source\debug\cgmmonstermng.obj
d:\newsource5.2tkm\safe_03_04_2025\source\main5.2\source\debug\ckanturudirection.obj
d:\newsource5.2tkm\safe_03_04_2025\source\main5.2\source\debug\cameramanager.obj
d:\newsource5.2tkm\safe_03_04_2025\source\main5.2\source\debug\changeringmanager.obj
d:\newsource5.2tkm\safe_03_04_2025\source\main5.2\source\debug\charinfoballoonmng.obj
d:\newsource5.2tkm\safe_03_04_2025\source\main5.2\source\debug\charselmainwin.obj
d:\newsource5.2tkm\safe_03_04_2025\source\main5.2\source\debug\gmkarutan1.obj
d:\newsource5.2tkm\safe_03_04_2025\source\main5.2\source\debug\stringmethod.obj
d:\newsource5.2tkm\safe_03_04_2025\source\main5.2\source\debug\loadingscene.obj
d:\newsource5.2tkm\safe_03_04_2025\source\main5.2\source\debug\msgwin.obj
d:\newsource5.2tkm\safe_03_04_2025\source\main5.2\source\debug\newuidoppelgangerwindow.obj
d:\newsource5.2tkm\safe_03_04_2025\source\main5.2\source\debug\newuiinventoryjewel.obj
d:\newsource5.2tkm\safe_03_04_2025\source\main5.2\source\debug\newuipartyinfowindow.obj
d:\newsource5.2tkm\safe_03_04_2025\source\main5.2\source\debug\newuiunitedmarketplacewindow.obj
d:\newsource5.2tkm\safe_03_04_2025\source\main5.2\source\debug\usefuldef.obj
d:\newsource5.2tkm\safe_03_04_2025\source\main5.2\source\debug\zzzeffectblurspark.obj
d:\newsource5.2tkm\safe_03_04_2025\source\main5.2\source\debug\w_buffstatevaluecontrol.obj
d:\newsource5.2tkm\safe_03_04_2025\source\main5.2\source\debug\wsctlc.obj
d:\newsource5.2tkm\safe_03_04_2025\source\main5.2\source\debug\caicontroller.obj
d:\newsource5.2tkm\safe_03_04_2025\source\main5.2\source\debug\filternameinfo.obj
d:\newsource5.2tkm\safe_03_04_2025\source\main5.2\source\debug\gmcrywolf1st.obj
d:\newsource5.2tkm\safe_03_04_2025\source\main5.2\source\debug\shopcategory.obj
d:\newsource5.2tkm\safe_03_04_2025\source\main5.2\source\debug\shopproduct.obj
d:\newsource5.2tkm\safe_03_04_2025\source\main5.2\source\debug\itemaddoptioninfo.obj
d:\newsource5.2tkm\safe_03_04_2025\source\main5.2\source\debug\newuicursedtempleresult.obj
d:\newsource5.2tkm\safe_03_04_2025\source\main5.2\source\debug\newuigoldbowmanwindow.obj
d:\newsource5.2tkm\safe_03_04_2025\source\main5.2\source\debug\newuimyquestinfowindow.obj
d:\newsource5.2tkm\safe_03_04_2025\source\main5.2\source\debug\newuisiegewarsoldier.obj
d:\newsource5.2tkm\safe_03_04_2025\source\main5.2\source\debug\serverselwin.obj
d:\newsource5.2tkm\safe_03_04_2025\source\main5.2\source\debug\zzzai.obj
d:\newsource5.2tkm\safe_03_04_2025\source\main5.2\source\debug\zzzeffectpoint.obj
d:\newsource5.2tkm\safe_03_04_2025\source\main5.2\source\debug\_globalfunctions.obj
d:\newsource5.2tkm\safe_03_04_2025\source\main5.2\source\debug\npccatapult.obj
d:\newsource5.2tkm\safe_03_04_2025\source\main5.2\source\debug\w_basepet.obj
d:\newsource5.2tkm\safe_03_04_2025\source\main5.2\source\debug\w_cursedtemple.obj
d:\newsource5.2tkm\build\main.exe
d:\newsource5.2tkm\build\main
d:\newsource5.2tkm\build\main.pdb
d:\newsource5.2tkm\build\main.lib
d:\newsource5.2tkm\build\main.exp
d:\newsource5.2tkm\safe_03_04_2025\source\main5.2\source\debug\resource.res
d:\newsource5.2tkm\safe_03_04_2025\source\main5.2\source\debug\wsclient.obj
d:\newsource5.2tkm\safe_03_04_2025\source\main5.2\source\debug\zzzeffect.obj
d:\newsource5.2tkm\safe_03_04_2025\source\main5.2\source\debug\zzzinterface.obj
d:\newsource5.2tkm\safe_03_04_2025\source\main5.2\source\debug\zzzinventory.obj
d:\newsource5.2tkm\safe_03_04_2025\source\main5.2\source\debug\zzzscene.obj
d:\newsource5.2tkm\safe_03_04_2025\source\main5.2\source\debug\main.tlog\cl.command.1.tlog
d:\newsource5.2tkm\safe_03_04_2025\source\main5.2\source\debug\main.tlog\cl.read.1.tlog
d:\newsource5.2tkm\safe_03_04_2025\source\main5.2\source\debug\main.tlog\cl.write.1.tlog
d:\newsource5.2tkm\safe_03_04_2025\source\main5.2\source\debug\main.tlog\link.command.1.tlog
d:\newsource5.2tkm\safe_03_04_2025\source\main5.2\source\debug\main.tlog\link.read.1.tlog
d:\newsource5.2tkm\safe_03_04_2025\source\main5.2\source\debug\main.tlog\link.write.1.tlog
d:\newsource5.2tkm\safe_03_04_2025\source\main5.2\source\debug\main.tlog\main.write.1u.tlog
d:\newsource5.2tkm\safe_03_04_2025\source\main5.2\source\debug\main.tlog\rc.command.1.tlog
d:\newsource5.2tkm\safe_03_04_2025\source\main5.2\source\debug\main.tlog\rc.read.1.tlog
d:\newsource5.2tkm\safe_03_04_2025\source\main5.2\source\debug\main.tlog\rc.write.1.tlog
